#
# A fatal error has been detected by the Java Runtime Environment:
#
#  SIGSEGV (0xb) at pc=0x00007fa80857a763, pid=4586, tid=140359631394560
#
# JRE version: OpenJDK Runtime Environment (7.0_95) (build 1.7.0_95-b00)
# Java VM: OpenJDK 64-Bit Server VM (24.95-b01 mixed mode linux-amd64 compressed oops)
# Derivative: IcedTea 2.6.4
# Distribution: Ubuntu 15.10, package 7u95-2.6.4-0ubuntu0.15.10.1
# Problematic frame:
# V  [libjvm.so+0x5c7763]
#
# Failed to write core dump. Core dumps have been disabled. To enable core dumping, try "ulimit -c unlimited" before starting Java again
#
# If you would like to submit a bug report, please include
# instructions on how to reproduce the bug and visit:
#   http://icedtea.classpath.org/bugzilla
#

---------------  T H R E A D  ---------------

Current thread (0x00007fa800026000):  GCTaskThread [stack: 0x00007fa805e85000,0x00007fa805f86000] [id=4596]

siginfo:si_signo=SIGSEGV: si_errno=0, si_code=128 (), si_addr=0x0000000000000000

Registers:
RAX=0xc45c9ff0ffffffff, RBX=0x00007fa8000736c0, RCX=0x0000000000000029, RDX=0x00000000c45c9f20
RSP=0x00007fa805f84bf8, RBP=0x00007fa805f84c60, RSI=0x00000000c22ee6a0, RDI=0x00000000c45c9f20
R8 =0x00007fa808dc8040, R9 =0x0000000000064773, R10=0x00007fa809bfa101, R11=0x0008000000000000
R12=0x00000000c5b3d394, R13=0x0000000000000005, R14=0x00000000c22ee6a0, R15=0x00000000c5b3d38c
RIP=0x00007fa80857a763, EFLAGS=0x0000000000010202, CSGSFS=0x0000000000000033, ERR=0x0000000000000000
  TRAPNO=0x000000000000000d

Top of Stack: (sp=0x00007fa805f84bf8)
0x00007fa805f84bf8:   00007fa808577b55 00000000c5e42ae8
0x00007fa805f84c08:   00007fa800073700 00000000c5b3d378
0x00007fa805f84c18:   00000000b5e86ce0 00000000b5e86cd8
0x00007fa805f84c28:   00007fa808dc8040 00007fa805f84c90
0x00007fa805f84c38:   00007fa808dc42c8 0000000000000000
0x00007fa805f84c48:   00007fa8000736c0 0000000000000003
0x00007fa805f84c58:   00007fa8000736c0 00007fa805f84d10
0x00007fa805f84c68:   00007fa80880bb74 00007fa8000736c0
0x00007fa805f84c78:   00007fa800073750 00000000b5a00250
0x00007fa805f84c88:   0000000000000002 00007fa8000736d0
0x00007fa805f84c98:   00000000c71a5fbc 00007fa805f84d10
0x00007fa805f84ca8:   00007fa808577b84 00007fa805f84d10
0x00007fa805f84cb8:   00007fa800073700 00000000c71a5f98
0x00007fa805f84cc8:   00000000b5e1d360 00000000b5e1d358
0x00007fa805f84cd8:   00007fa808dc8040 00007fa8000736d0
0x00007fa805f84ce8:   00007fa8000736c0 0000000000000000
0x00007fa805f84cf8:   00007fa805f84d84 0000000000000003
0x00007fa805f84d08:   00007fa805f84d88 00007fa805f84e00
0x00007fa805f84d18:   00007fa8087f3bef 00007fa805f84d60
0x00007fa805f84d28:   00007fa805f84d88 00007fa805f84d84
0x00007fa805f84d38:   00000003000736c0 00007fa805f84db0
0x00007fa805f84d48:   0000000000000205 0000000000000004
0x00007fa805f84d58:   0000000000000205 00007fa805f84d90
0x00007fa805f84d68:   00007fa805f84d88 00007fa7d813c5c0
0x00007fa805f84d78:   00007fa8000736c0 59fbda0508d12588
0x00007fa805f84d88:   00000000c71a5f98 00000000faf115b8
0x00007fa805f84d98:   00007fa800000200 00000000d2bdace0
0x00007fa805f84da8:   4f5c425e00022a00 00007fa805f84d80
0x00007fa805f84db8:   00007fa80877c12b 00007fa80001faa0
0x00007fa805f84dc8:   4f5c425eb68e5900 00007fa805f84e00
0x00007fa805f84dd8:   0000000000000001 00007fa7d813c5c0
0x00007fa805f84de8:   00007fa8089aafcd 00007fa800026000 

Instructions: (pc=0x00007fa80857a763)
0x00007fa80857a743:   0e 89 c8 c1 f8 03 5d c3 0f 1f 44 00 00 75 16 48
0x00007fa80857a753:   8b 02 48 89 fe 48 89 d7 5d 48 8b 80 b0 00 00 00
0x00007fa80857a763:   ff e0 0f 1f 00 48 8d 15 c5 50 84 00 48 8d 05 16
0x00007fa80857a773:   d2 81 00 5d 80 3a 01 48 63 30 89 c8 48 19 d2 c1 

Register to memory mapping:

RAX=0xc45c9ff0ffffffff is an unknown value
RBX=0x00007fa8000736c0 is an unknown value
RCX=0x0000000000000029 is an unknown value
RDX=0x00000000c45c9f20 is pointing into object: 0x00000000c45c9f10
com.android.dx.rop.code.RegisterSpecList 
 - klass: 'com/android/dx/rop/code/RegisterSpecList'
RSP=0x00007fa805f84bf8 is an unknown value
RBP=0x00007fa805f84c60 is an unknown value
RSI=0x00000000c22ee6a0 is pointing into object: 0x00000000c22ee690
com.android.dx.dex.code.CodeAddress 
 - klass: 'com/android/dx/dex/code/CodeAddress'
RDI=0x00000000c45c9f20 is pointing into object: 0x00000000c45c9f10
com.android.dx.rop.code.RegisterSpecList 
 - klass: 'com/android/dx/rop/code/RegisterSpecList'
R8 =0x00007fa808dc8040: <offset 0xe15040> in /usr/lib/jvm/java-7-openjdk-amd64/jre/lib/amd64/server/libjvm.so at 0x00007fa807fb3000
R9 =0x0000000000064773 is an unknown value
R10=0x00007fa809bfa101 is an unknown value
R11=0x0008000000000000 is an unknown value
R12=0x00000000c5b3d394 is pointing into object: 0x00000000c5b3d378
com.android.dx.rop.code.PlainInsn 
 - klass: 'com/android/dx/rop/code/PlainInsn'
R13=0x0000000000000005 is an unknown value
R14=0x00000000c22ee6a0 is pointing into object: 0x00000000c22ee690
com.android.dx.dex.code.CodeAddress 
 - klass: 'com/android/dx/dex/code/CodeAddress'
R15=0x00000000c5b3d38c is pointing into object: 0x00000000c5b3d378
com.android.dx.rop.code.PlainInsn 
 - klass: 'com/android/dx/rop/code/PlainInsn'


Stack: [0x00007fa805e85000,0x00007fa805f86000],  sp=0x00007fa805f84bf8,  free space=1022k
Native frames: (J=compiled Java code, j=interpreted, Vv=VM code, C=native code)
V  [libjvm.so+0x5c7763]
V  [libjvm.so+0x858b74]
V  [libjvm.so+0x840bef]
V  [libjvm.so+0x555bf2]
V  [libjvm.so+0x7fe362]


---------------  P R O C E S S  ---------------

Java Threads: ( => current thread )
  0x00007fa8001b2800 JavaThread "pool-2-thread-4" [_thread_blocked, id=4641, stack(0x00007fa7f82b6000,0x00007fa7f83b7000)]
  0x00007fa8001b1000 JavaThread "pool-2-thread-3" [_thread_blocked, id=4640, stack(0x00007fa7f83b7000,0x00007fa7f84b8000)]
  0x00007fa8001af800 JavaThread "pool-2-thread-2" [_thread_blocked, id=4638, stack(0x00007fa7f84b8000,0x00007fa7f85b9000)]
  0x00007fa8001ae800 JavaThread "pool-3-thread-1" [_thread_blocked, id=4636, stack(0x00007fa7f85b9000,0x00007fa7f86ba000)]
  0x00007fa80017a000 JavaThread "pool-2-thread-1" [_thread_blocked, id=4635, stack(0x00007fa7f86ba000,0x00007fa7f87bb000)]
  0x00007fa8000b1800 JavaThread "Service Thread" daemon [_thread_blocked, id=4606, stack(0x00007fa804283000,0x00007fa804384000)]
  0x00007fa8000af000 JavaThread "C2 CompilerThread1" daemon [_thread_blocked, id=4605, stack(0x00007fa804384000,0x00007fa804485000)]
  0x00007fa8000ac000 JavaThread "C2 CompilerThread0" daemon [_thread_blocked, id=4604, stack(0x00007fa804485000,0x00007fa804586000)]
  0x00007fa8000a9800 JavaThread "Signal Dispatcher" daemon [_thread_blocked, id=4603, stack(0x00007fa804586000,0x00007fa804687000)]
  0x00007fa80007c800 JavaThread "Finalizer" daemon [_thread_blocked, id=4600, stack(0x00007fa804687000,0x00007fa804788000)]
  0x00007fa80007a800 JavaThread "Reference Handler" daemon [_thread_blocked, id=4599, stack(0x00007fa804788000,0x00007fa804889000)]
  0x00007fa80000a800 JavaThread "main" [_thread_blocked, id=4589, stack(0x00007fa809aef000,0x00007fa809bf0000)]

Other Threads:
  0x00007fa800076000 VMThread [stack: 0x00007fa804889000,0x00007fa80498a000] [id=4598]
  0x00007fa8000bc000 WatcherThread [stack: 0x00007fa804182000,0x00007fa804283000] [id=4607]

=>0x00007fa800026000 (exited) GCTaskThread [stack: 0x00007fa805e85000,0x00007fa805f86000] [id=4596]

VM state:at safepoint (normal execution)

VM Mutex/Monitor currently owned by a thread:  ([mutex/lock_event])
[0x00007fa800006aa0] Threads_lock - owner thread: 0x00007fa800076000
[0x00007fa800006fa0] Heap_lock - owner thread: 0x00007fa8001af800

Heap
 PSYoungGen      total 244224K, used 22532K [0x00000000eaa80000, 0x00000000ff480000, 0x0000000100000000)
  eden space 154624K, 0% used [0x00000000eaa80000,0x00000000eaa80000,0x00000000f4180000)
  from space 89600K, 25% used [0x00000000f9d00000,0x00000000fb301300,0x00000000ff480000)
  to   space 91648K, 0% used [0x00000000f4180000,0x00000000f4180000,0x00000000f9b00000)
 ParOldGen       total 532992K, used 517693K [0x00000000c0000000, 0x00000000e0880000, 0x00000000eaa80000)
  object space 532992K, 97% used [0x00000000c0000000,0x00000000df98f418,0x00000000e0880000)
 PSPermGen       total 21504K, used 6572K [0x00000000b5a00000, 0x00000000b6f00000, 0x00000000c0000000)
  object space 21504K, 30% used [0x00000000b5a00000,0x00000000b606b1a8,0x00000000b6f00000)

Card table byte_map: [0x00007fa806432000,0x00007fa806686000] byte_map_base: 0x00007fa805e85000

Polling page: 0x00007fa809c16000

Code Cache  [0x00007fa7fd000000, 0x00007fa7fd510000, 0x00007fa800000000)
 total_blobs=1577 nmethods=1346 adapters=184 free_code_cache=44154Kb largest_free_block=45088704

Compilation events (10 events):
Event: 25,676 Thread 0x00007fa8000af000 nmethod 1398 0x00007fa7fd496950 code [0x00007fa7fd496ba0, 0x00007fa7fd4975c0]
Event: 25,676 Thread 0x00007fa8000af000 1399             java.util.concurrent.ArrayBlockingQueue::inc (18 bytes)
Event: 25,677 Thread 0x00007fa8000af000 nmethod 1399 0x00007fa7fd481d10 code [0x00007fa7fd481e40, 0x00007fa7fd481eb8]
Event: 25,743 Thread 0x00007fa8000af000 1400             com.android.dx.cf.code.BytecodeArray$ConstantParserVisitor::visitConstant (18 bytes)
Event: 25,744 Thread 0x00007fa8000af000 nmethod 1400 0x00007fa7fd481b10 code [0x00007fa7fd481c40, 0x00007fa7fd481cb8]
Event: 25,805 Thread 0x00007fa8000af000 1401             java.lang.String::toCharArray (25 bytes)
Event: 25,806 Thread 0x00007fa8000af000 nmethod 1401 0x00007fa7fd481790 code [0x00007fa7fd4818e0, 0x00007fa7fd481a18]
Event: 25,819 Thread 0x00007fa8000ac000 nmethod 1396 0x00007fa7fd4ea290 code [0x00007fa7fd4ebd20, 0x00007fa7fd4f55d8]
Event: 25,842 Thread 0x00007fa8000af000 1402             java.lang.ref.FinalReference::<init> (7 bytes)
Event: 25,843 Thread 0x00007fa8000af000 nmethod 1402 0x00007fa7fd499090 code [0x00007fa7fd4991c0, 0x00007fa7fd499258]

GC Heap History (10 events):
Event: 25,228 GC heap after
Heap after GC invocations=24 (full 2):
 PSYoungGen      total 229376K, used 20530K [0x00000000eaa80000, 0x00000000ff600000, 0x0000000100000000)
  eden space 124416K, 0% used [0x00000000eaa80000,0x00000000eaa80000,0x00000000f2400000)
  from space 104960K, 19% used [0x00000000f8f80000,0x00000000fa38c968,0x00000000ff600000)
  to   space 107520K, 0% used [0x00000000f2400000,0x00000000f2400000,0x00000000f8d00000)
 ParOldGen       total 532992K, used 436067K [0x00000000c0000000, 0x00000000e0880000, 0x00000000eaa80000)
  object space 532992K, 81% used [0x00000000c0000000,0x00000000da9d8e70,0x00000000e0880000)
 PSPermGen       total 21504K, used 6563K [0x00000000b5a00000, 0x00000000b6f00000, 0x00000000c0000000)
  object space 21504K, 30% used [0x00000000b5a00000,0x00000000b6068cc8,0x00000000b6f00000)
}
Event: 25,380 GC heap before
{Heap before GC invocations=25 (full 2):
 PSYoungGen      total 229376K, used 144946K [0x00000000eaa80000, 0x00000000ff600000, 0x0000000100000000)
  eden space 124416K, 100% used [0x00000000eaa80000,0x00000000f2400000,0x00000000f2400000)
  from space 104960K, 19% used [0x00000000f8f80000,0x00000000fa38c968,0x00000000ff600000)
  to   space 107520K, 0% used [0x00000000f2400000,0x00000000f2400000,0x00000000f8d00000)
 ParOldGen       total 532992K, used 436067K [0x00000000c0000000, 0x00000000e0880000, 0x00000000eaa80000)
  object space 532992K, 81% used [0x00000000c0000000,0x00000000da9d8e70,0x00000000e0880000)
 PSPermGen       total 21504K, used 6564K [0x00000000b5a00000, 0x00000000b6f00000, 0x00000000c0000000)
  object space 21504K, 30% used [0x00000000b5a00000,0x00000000b60691f0,0x00000000b6f00000)
Event: 25,414 GC heap after
Heap after GC invocations=25 (full 2):
 PSYoungGen      total 231936K, used 21407K [0x00000000eaa80000, 0x00000000ffb80000, 0x0000000100000000)
  eden space 124416K, 0% used [0x00000000eaa80000,0x00000000eaa80000,0x00000000f2400000)
  from space 107520K, 19% used [0x00000000f2400000,0x00000000f38e7ce8,0x00000000f8d00000)
  to   space 103936K, 0% used [0x00000000f9600000,0x00000000f9600000,0x00000000ffb80000)
 ParOldGen       total 532992K, used 455474K [0x00000000c0000000, 0x00000000e0880000, 0x00000000eaa80000)
  object space 532992K, 85% used [0x00000000c0000000,0x00000000dbcccb68,0x00000000e0880000)
 PSPermGen       total 21504K, used 6564K [0x00000000b5a00000, 0x00000000b6f00000, 0x00000000c0000000)
  object space 21504K, 30% used [0x00000000b5a00000,0x00000000b60691f0,0x00000000b6f00000)
}
Event: 25,539 GC heap before
{Heap before GC invocations=26 (full 2):
 PSYoungGen      total 231936K, used 145823K [0x00000000eaa80000, 0x00000000ffb80000, 0x0000000100000000)
  eden space 124416K, 100% used [0x00000000eaa80000,0x00000000f2400000,0x00000000f2400000)
  from space 107520K, 19% used [0x00000000f2400000,0x00000000f38e7ce8,0x00000000f8d00000)
  to   space 103936K, 0% used [0x00000000f9600000,0x00000000f9600000,0x00000000ffb80000)
 ParOldGen       total 532992K, used 455474K [0x00000000c0000000, 0x00000000e0880000, 0x00000000eaa80000)
  object space 532992K, 85% used [0x00000000c0000000,0x00000000dbcccb68,0x00000000e0880000)
 PSPermGen       total 21504K, used 6565K [0x00000000b5a00000, 0x00000000b6f00000, 0x00000000c0000000)
  object space 21504K, 30% used [0x00000000b5a00000,0x00000000b6069458,0x00000000b6f00000)
Event: 25,567 GC heap after
Heap after GC invocations=26 (full 2):
 PSYoungGen      total 235008K, used 21992K [0x00000000eaa80000, 0x00000000ff480000, 0x0000000100000000)
  eden space 138240K, 0% used [0x00000000eaa80000,0x00000000eaa80000,0x00000000f3180000)
  from space 96768K, 22% used [0x00000000f9600000,0x00000000fab7a3e0,0x00000000ff480000)
  to   space 99840K, 0% used [0x00000000f3180000,0x00000000f3180000,0x00000000f9300000)
 ParOldGen       total 532992K, used 476003K [0x00000000c0000000, 0x00000000e0880000, 0x00000000eaa80000)
  object space 532992K, 89% used [0x00000000c0000000,0x00000000dd0d8d90,0x00000000e0880000)
 PSPermGen       total 21504K, used 6565K [0x00000000b5a00000, 0x00000000b6f00000, 0x00000000c0000000)
  object space 21504K, 30% used [0x00000000b5a00000,0x00000000b6069458,0x00000000b6f00000)
}
Event: 25,700 GC heap before
{Heap before GC invocations=27 (full 2):
 PSYoungGen      total 235008K, used 160232K [0x00000000eaa80000, 0x00000000ff480000, 0x0000000100000000)
  eden space 138240K, 100% used [0x00000000eaa80000,0x00000000f3180000,0x00000000f3180000)
  from space 96768K, 22% used [0x00000000f9600000,0x00000000fab7a3e0,0x00000000ff480000)
  to   space 99840K, 0% used [0x00000000f3180000,0x00000000f3180000,0x00000000f9300000)
 ParOldGen       total 532992K, used 476003K [0x00000000c0000000, 0x00000000e0880000, 0x00000000eaa80000)
  object space 532992K, 89% used [0x00000000c0000000,0x00000000dd0d8d90,0x00000000e0880000)
 PSPermGen       total 21504K, used 6568K [0x00000000b5a00000, 0x00000000b6f00000, 0x00000000c0000000)
  object space 21504K, 30% used [0x00000000b5a00000,0x00000000b606a030,0x00000000b6f00000)
Event: 25,737 GC heap after
Heap after GC invocations=27 (full 2):
 PSYoungGen      total 238080K, used 23479K [0x00000000eaa80000, 0x00000000ffa00000, 0x0000000100000000)
  eden space 138240K, 0% used [0x00000000eaa80000,0x00000000eaa80000,0x00000000f3180000)
  from space 99840K, 23% used [0x00000000f3180000,0x00000000f486dda8,0x00000000f9300000)
  to   space 95232K, 0% used [0x00000000f9d00000,0x00000000f9d00000,0x00000000ffa00000)
 ParOldGen       total 532992K, used 495950K [0x00000000c0000000, 0x00000000e0880000, 0x00000000eaa80000)
  object space 532992K, 93% used [0x00000000c0000000,0x00000000de453af0,0x00000000e0880000)
 PSPermGen       total 21504K, used 6568K [0x00000000b5a00000, 0x00000000b6f00000, 0x00000000c0000000)
  object space 21504K, 30% used [0x00000000b5a00000,0x00000000b606a030,0x00000000b6f00000)
}
Event: 25,853 GC heap before
{Heap before GC invocations=28 (full 2):
 PSYoungGen      total 238080K, used 161719K [0x00000000eaa80000, 0x00000000ffa00000, 0x0000000100000000)
  eden space 138240K, 100% used [0x00000000eaa80000,0x00000000f3180000,0x00000000f3180000)
  from space 99840K, 23% used [0x00000000f3180000,0x00000000f486dda8,0x00000000f9300000)
  to   space 95232K, 0% used [0x00000000f9d00000,0x00000000f9d00000,0x00000000ffa00000)
 ParOldGen       total 532992K, used 495950K [0x00000000c0000000, 0x00000000e0880000, 0x00000000eaa80000)
  object space 532992K, 93% used [0x00000000c0000000,0x00000000de453af0,0x00000000e0880000)
 PSPermGen       total 21504K, used 6572K [0x00000000b5a00000, 0x00000000b6f00000, 0x00000000c0000000)
  object space 21504K, 30% used [0x00000000b5a00000,0x00000000b606b1a8,0x00000000b6f00000)
Event: 25,883 GC heap after
Heap after GC invocations=28 (full 2):
 PSYoungGen      total 244224K, used 22532K [0x00000000eaa80000, 0x00000000ff480000, 0x0000000100000000)
  eden space 154624K, 0% used [0x00000000eaa80000,0x00000000eaa80000,0x00000000f4180000)
  from space 89600K, 25% used [0x00000000f9d00000,0x00000000fb301300,0x00000000ff480000)
  to   space 91648K, 0% used [0x00000000f4180000,0x00000000f4180000,0x00000000f9b00000)
 ParOldGen       total 532992K, used 517693K [0x00000000c0000000, 0x00000000e0880000, 0x00000000eaa80000)
  object space 532992K, 97% used [0x00000000c0000000,0x00000000df98f418,0x00000000e0880000)
 PSPermGen       total 21504K, used 6572K [0x00000000b5a00000, 0x00000000b6f00000, 0x00000000c0000000)
  object space 21504K, 30% used [0x00000000b5a00000,0x00000000b606b1a8,0x00000000b6f00000)
}
Event: 25,883 GC heap before
{Heap before GC invocations=29 (full 3):
 PSYoungGen      total 244224K, used 22532K [0x00000000eaa80000, 0x00000000ff480000, 0x0000000100000000)
  eden space 154624K, 0% used [0x00000000eaa80000,0x00000000eaa80000,0x00000000f4180000)
  from space 89600K, 25% used [0x00000000f9d00000,0x00000000fb301300,0x00000000ff480000)
  to   space 91648K, 0% used [0x00000000f4180000,0x00000000f4180000,0x00000000f9b00000)
 ParOldGen       total 532992K, used 517693K [0x00000000c0000000, 0x00000000e0880000, 0x00000000eaa80000)
  object space 532992K, 97% used [0x00000000c0000000,0x00000000df98f418,0x00000000e0880000)
 PSPermGen       total 21504K, used 6572K [0x00000000b5a00000, 0x00000000b6f00000, 0x00000000c0000000)
  object space 21504K, 30% used [0x00000000b5a00000,0x00000000b606b1a8,0x00000000b6f00000)

Deoptimization events (10 events):
Event: 24,914 Thread 0x00007fa80000a800 Uncommon trap: reason=bimorphic action=maybe_recompile pc=0x00007fa7fd135e60 method=java.util.concurrent.locks.AbstractQueuedSynchronizer.acquire(I)V @ 2
Event: 25,062 Thread 0x00007fa8001b1000 Uncommon trap: reason=unstable_if action=reinterpret pc=0x00007fa7fd10c78c method=com.android.dx.rop.code.LocalItem.compareHandlesNulls(Lcom/android/dx/rop/cst/CstString;Lcom/android/dx/rop/cst/CstString;)I @ 8
Event: 25,062 Thread 0x00007fa8001b1000 Uncommon trap: reason=unstable_if action=reinterpret pc=0x00007fa7fd1048a0 method=com.android.dx.rop.code.LocalItem.compareHandlesNulls(Lcom/android/dx/rop/cst/CstString;Lcom/android/dx/rop/cst/CstString;)I @ 14
Event: 25,159 Thread 0x00007fa8001b2800 Uncommon trap: reason=unstable_if action=reinterpret pc=0x00007fa7fd47a6d8 method=com.android.dx.cf.code.Ropper.processBlock(Lcom/android/dx/cf/code/ByteBlock;Lcom/android/dx/cf/code/Frame;[I)V @ 651
Event: 25,235 Thread 0x00007fa8001b1000 Uncommon trap: reason=bimorphic action=maybe_recompile pc=0x00007fa7fd4a4514 method=com.android.dx.cf.code.BytecodeArray.parseInstruction(ILcom/android/dx/cf/code/BytecodeArray$Visitor;)I @ 1099
Event: 25,236 Thread 0x00007fa8001b1000 Uncommon trap: reason=bimorphic action=maybe_recompile pc=0x00007fa7fd4a4514 method=com.android.dx.cf.code.BytecodeArray.parseInstruction(ILcom/android/dx/cf/code/BytecodeArray$Visitor;)I @ 1099
Event: 25,277 Thread 0x00007fa80000a800 Uncommon trap: reason=unloaded action=reinterpret pc=0x00007fa7fd3ae210 method=com.android.dx.dex.cf.CfTranslator.coerceConstant(Lcom/android/dx/rop/cst/TypedConstant;Lcom/android/dx/rop/type/Type;)Lcom/android/dx/rop/cst/TypedConstant; @ 104
Event: 25,509 Thread 0x00007fa80000a800 Uncommon trap: reason=unstable_if action=reinterpret pc=0x00007fa7fd49ca08 method=java.util.concurrent.locks.AbstractQueuedSynchronizer.acquireQueued(Ljava/util/concurrent/locks/AbstractQueuedSynchronizer$Node;I)Z @ 25
Event: 25,587 Thread 0x00007fa80017a000 Uncommon trap: reason=bimorphic action=maybe_recompile pc=0x00007fa7fd4d705c method=com.android.dx.cf.code.BytecodeArray.parseInstruction(ILcom/android/dx/cf/code/BytecodeArray$Visitor;)I @ 891
Event: 25,587 Thread 0x00007fa80017a000 Uncommon trap: reason=bimorphic action=maybe_recompile pc=0x00007fa7fd4d705c method=com.android.dx.cf.code.BytecodeArray.parseInstruction(ILcom/android/dx/cf/code/BytecodeArray$Visitor;)I @ 891

Internal exceptions (10 events):
Event: 2,581 Thread 0x00007fa8001af800 Implicit null exception at 0x00007fa7fd10d5a9 to 0x00007fa7fd10f3dd
Event: 2,851 Thread 0x00007fa80000a800 Threw 0x00000000f1564878 at /build/openjdk-7-Fct0ZC/openjdk-7-7u95-2.6.4/build/openjdk/hotspot/src/share/vm/prims/jvm.cpp:1322
Event: 3,940 Thread 0x00007fa80000a800 Threw 0x00000000ec0cdb40 at /build/openjdk-7-Fct0ZC/openjdk-7-7u95-2.6.4/build/openjdk/hotspot/src/share/vm/prims/jvm.cpp:1322
Event: 7,363 Thread 0x00007fa80000a800 Implicit null exception at 0x00007fa7fd20d481 to 0x00007fa7fd20f231
Event: 10,958 Thread 0x00007fa80017a000 Threw 0x00000000ee6323c8 at /build/openjdk-7-Fct0ZC/openjdk-7-7u95-2.6.4/build/openjdk/hotspot/src/share/vm/prims/jvm.cpp:1322
Event: 12,354 Thread 0x00007fa80000a800 Implicit null exception at 0x00007fa7fd2f71cf to 0x00007fa7fd2f9045
Event: 14,349 Thread 0x00007fa8001b1000 Implicit null exception at 0x00007fa7fd298775 to 0x00007fa7fd299355
Event: 23,534 Thread 0x00007fa80000a800 Threw 0x00000000ef74e200 at /build/openjdk-7-Fct0ZC/openjdk-7-7u95-2.6.4/build/openjdk/hotspot/src/share/vm/prims/jvm.cpp:1322
Event: 25,062 Thread 0x00007fa8001b1000 Implicit null exception at 0x00007fa7fd10c54a to 0x00007fa7fd10c769
Event: 25,062 Thread 0x00007fa8001b1000 Implicit null exception at 0x00007fa7fd104568 to 0x00007fa7fd10488d

Events (10 events):
Event: 25,587 Thread 0x00007fa80017a000 DEOPT PACKING pc=0x00007fa7fd4d705c sp=0x00007fa7f87b92e0
Event: 25,587 Thread 0x00007fa80017a000 DEOPT UNPACKING pc=0x00007fa7fd039445 sp=0x00007fa7f87b92b8 mode 2
Event: 25,587 Thread 0x00007fa80017a000 Uncommon trap: trap_request=0xffffffc6 fr.pc=0x00007fa7fd4d705c
Event: 25,587 Thread 0x00007fa80017a000 DEOPT PACKING pc=0x00007fa7fd4d705c sp=0x00007fa7f87b92e0
Event: 25,587 Thread 0x00007fa80017a000 DEOPT UNPACKING pc=0x00007fa7fd039445 sp=0x00007fa7f87b92b8 mode 2
Event: 25,700 Executing VM operation: ParallelGCFailedAllocation
Event: 25,737 Executing VM operation: ParallelGCFailedAllocation done
Event: 25,744 Thread 0x00007fa8000af000 flushing nmethod 0x00007fa7fd07ff90
Event: 25,819 Thread 0x00007fa8000ac000 flushing nmethod 0x00007fa7fd0af450
Event: 25,853 Executing VM operation: ParallelGCFailedAllocation


Dynamic libraries:
00400000-00401000 r-xp 00000000 08:04 46458580                           /usr/lib/jvm/java-7-openjdk-amd64/jre/bin/java
00600000-00601000 r--p 00000000 08:04 46458580                           /usr/lib/jvm/java-7-openjdk-amd64/jre/bin/java
00601000-00602000 rw-p 00001000 08:04 46458580                           /usr/lib/jvm/java-7-openjdk-amd64/jre/bin/java
006e1000-00702000 rw-p 00000000 00:00 0                                  [heap]
b5a00000-b6f00000 rw-p 00000000 00:00 0 
b6f00000-c0000000 rw-p 00000000 00:00 0 
c0000000-e0880000 rw-p 00000000 00:00 0 
e0880000-eaa80000 rw-p 00000000 00:00 0 
eaa80000-ff480000 rw-p 00000000 00:00 0 
ff480000-100000000 ---p 00000000 00:00 0 
7fa7b4000000-7fa7b4032000 rw-p 00000000 00:00 0 
7fa7b4032000-7fa7b8000000 ---p 00000000 00:00 0 
7fa7b8000000-7fa7b8024000 rw-p 00000000 00:00 0 
7fa7b8024000-7fa7bc000000 ---p 00000000 00:00 0 
7fa7bc000000-7fa7bc021000 rw-p 00000000 00:00 0 
7fa7bc021000-7fa7c0000000 ---p 00000000 00:00 0 
7fa7c0000000-7fa7c0031000 rw-p 00000000 00:00 0 
7fa7c0031000-7fa7c4000000 ---p 00000000 00:00 0 
7fa7c4000000-7fa7c4021000 rw-p 00000000 00:00 0 
7fa7c4021000-7fa7c8000000 ---p 00000000 00:00 0 
7fa7c8000000-7fa7c804e000 rw-p 00000000 00:00 0 
7fa7c804e000-7fa7cc000000 ---p 00000000 00:00 0 
7fa7cc000000-7fa7cda47000 rw-p 00000000 00:00 0 
7fa7cda47000-7fa7d0000000 ---p 00000000 00:00 0 
7fa7d0000000-7fa7d0021000 rw-p 00000000 00:00 0 
7fa7d0021000-7fa7d4000000 ---p 00000000 00:00 0 
7fa7d4000000-7fa7d4021000 rw-p 00000000 00:00 0 
7fa7d4021000-7fa7d8000000 ---p 00000000 00:00 0 
7fa7d8000000-7fa7d9dc4000 rw-p 00000000 00:00 0 
7fa7d9dc4000-7fa7dc000000 ---p 00000000 00:00 0 
7fa7dc000000-7fa7dc021000 rw-p 00000000 00:00 0 
7fa7dc021000-7fa7e0000000 ---p 00000000 00:00 0 
7fa7e0000000-7fa7e0021000 rw-p 00000000 00:00 0 
7fa7e0021000-7fa7e4000000 ---p 00000000 00:00 0 
7fa7e4000000-7fa7e4021000 rw-p 00000000 00:00 0 
7fa7e4021000-7fa7e8000000 ---p 00000000 00:00 0 
7fa7e8000000-7fa7e8021000 rw-p 00000000 00:00 0 
7fa7e8021000-7fa7ec000000 ---p 00000000 00:00 0 
7fa7ec000000-7fa7ec021000 rw-p 00000000 00:00 0 
7fa7ec021000-7fa7f0000000 ---p 00000000 00:00 0 
7fa7f0000000-7fa7f0021000 rw-p 00000000 00:00 0 
7fa7f0021000-7fa7f4000000 ---p 00000000 00:00 0 
7fa7f4000000-7fa7f4021000 rw-p 00000000 00:00 0 
7fa7f4021000-7fa7f8000000 ---p 00000000 00:00 0 
7fa7f82b6000-7fa7f82b9000 ---p 00000000 00:00 0 
7fa7f82b9000-7fa7f83b7000 rw-p 00000000 00:00 0                          [stack:4641]
7fa7f83b7000-7fa7f83ba000 ---p 00000000 00:00 0 
7fa7f83ba000-7fa7f84b8000 rw-p 00000000 00:00 0                          [stack:4640]
7fa7f84b8000-7fa7f84bb000 ---p 00000000 00:00 0 
7fa7f84bb000-7fa7f85b9000 rw-p 00000000 00:00 0                          [stack:4638]
7fa7f85b9000-7fa7f85bc000 ---p 00000000 00:00 0 
7fa7f85bc000-7fa7f86ba000 rw-p 00000000 00:00 0                          [stack:4636]
7fa7f86ba000-7fa7f86bd000 ---p 00000000 00:00 0 
7fa7f86bd000-7fa7f8abc000 rw-p 00000000 00:00 0                          [stack:4635]
7fa7f8abc000-7fa7f8b28000 r-xp 00000000 08:04 42879888                   /lib/x86_64-linux-gnu/libpcre.so.3.13.1
7fa7f8b28000-7fa7f8d27000 ---p 0006c000 08:04 42879888                   /lib/x86_64-linux-gnu/libpcre.so.3.13.1
7fa7f8d27000-7fa7f8d28000 r--p 0006b000 08:04 42879888                   /lib/x86_64-linux-gnu/libpcre.so.3.13.1
7fa7f8d28000-7fa7f8d29000 rw-p 0006c000 08:04 42879888                   /lib/x86_64-linux-gnu/libpcre.so.3.13.1
7fa7f8d29000-7fa7f8d30000 r-xp 00000000 08:04 45936085                   /usr/lib/x86_64-linux-gnu/libffi.so.6.0.4
7fa7f8d30000-7fa7f8f2f000 ---p 00007000 08:04 45936085                   /usr/lib/x86_64-linux-gnu/libffi.so.6.0.4
7fa7f8f2f000-7fa7f8f30000 r--p 00006000 08:04 45936085                   /usr/lib/x86_64-linux-gnu/libffi.so.6.0.4
7fa7f8f30000-7fa7f8f31000 rw-p 00007000 08:04 45936085                   /usr/lib/x86_64-linux-gnu/libffi.so.6.0.4
7fa7f8f31000-7fa7f8f48000 r-xp 00000000 08:04 42877129                   /lib/x86_64-linux-gnu/libresolv-2.21.so
7fa7f8f48000-7fa7f9148000 ---p 00017000 08:04 42877129                   /lib/x86_64-linux-gnu/libresolv-2.21.so
7fa7f9148000-7fa7f9149000 r--p 00017000 08:04 42877129                   /lib/x86_64-linux-gnu/libresolv-2.21.so
7fa7f9149000-7fa7f914a000 rw-p 00018000 08:04 42877129                   /lib/x86_64-linux-gnu/libresolv-2.21.so
7fa7f914a000-7fa7f914c000 rw-p 00000000 00:00 0 
7fa7f914c000-7fa7f916d000 r-xp 00000000 08:04 42879917                   /lib/x86_64-linux-gnu/libselinux.so.1
7fa7f916d000-7fa7f936c000 ---p 00021000 08:04 42879917                   /lib/x86_64-linux-gnu/libselinux.so.1
7fa7f936c000-7fa7f936d000 r--p 00020000 08:04 42879917                   /lib/x86_64-linux-gnu/libselinux.so.1
7fa7f936d000-7fa7f936e000 rw-p 00021000 08:04 42879917                   /lib/x86_64-linux-gnu/libselinux.so.1
7fa7f936e000-7fa7f9370000 rw-p 00000000 00:00 0 
7fa7f9370000-7fa7f9373000 r-xp 00000000 08:04 45934047                   /usr/lib/x86_64-linux-gnu/libgmodule-2.0.so.0.4600.2
7fa7f9373000-7fa7f9572000 ---p 00003000 08:04 45934047                   /usr/lib/x86_64-linux-gnu/libgmodule-2.0.so.0.4600.2
7fa7f9572000-7fa7f9573000 r--p 00002000 08:04 45934047                   /usr/lib/x86_64-linux-gnu/libgmodule-2.0.so.0.4600.2
7fa7f9573000-7fa7f9574000 rw-p 00003000 08:04 45934047                   /usr/lib/x86_64-linux-gnu/libgmodule-2.0.so.0.4600.2
7fa7f9574000-7fa7f9681000 r-xp 00000000 08:04 42876955                   /lib/x86_64-linux-gnu/libglib-2.0.so.0.4600.2
7fa7f9681000-7fa7f9880000 ---p 0010d000 08:04 42876955                   /lib/x86_64-linux-gnu/libglib-2.0.so.0.4600.2
7fa7f9880000-7fa7f9881000 r--p 0010c000 08:04 42876955                   /lib/x86_64-linux-gnu/libglib-2.0.so.0.4600.2
7fa7f9881000-7fa7f9882000 rw-p 0010d000 08:04 42876955                   /lib/x86_64-linux-gnu/libglib-2.0.so.0.4600.2
7fa7f9882000-7fa7f9883000 rw-p 00000000 00:00 0 
7fa7f9883000-7fa7f98d5000 r-xp 00000000 08:04 45934049                   /usr/lib/x86_64-linux-gnu/libgobject-2.0.so.0.4600.2
7fa7f98d5000-7fa7f9ad4000 ---p 00052000 08:04 45934049                   /usr/lib/x86_64-linux-gnu/libgobject-2.0.so.0.4600.2
7fa7f9ad4000-7fa7f9ad5000 r--p 00051000 08:04 45934049                   /usr/lib/x86_64-linux-gnu/libgobject-2.0.so.0.4600.2
7fa7f9ad5000-7fa7f9ad6000 rw-p 00052000 08:04 45934049                   /usr/lib/x86_64-linux-gnu/libgobject-2.0.so.0.4600.2
7fa7f9ad6000-7fa7f9c50000 r-xp 00000000 08:04 45934045                   /usr/lib/x86_64-linux-gnu/libgio-2.0.so.0.4600.2
7fa7f9c50000-7fa7f9e4f000 ---p 0017a000 08:04 45934045                   /usr/lib/x86_64-linux-gnu/libgio-2.0.so.0.4600.2
7fa7f9e4f000-7fa7f9e53000 r--p 00179000 08:04 45934045                   /usr/lib/x86_64-linux-gnu/libgio-2.0.so.0.4600.2
7fa7f9e53000-7fa7f9e55000 rw-p 0017d000 08:04 45934045                   /usr/lib/x86_64-linux-gnu/libgio-2.0.so.0.4600.2
7fa7f9e55000-7fa7f9e57000 rw-p 00000000 00:00 0 
7fa7f9e57000-7fa7f9e6e000 r-xp 00000000 08:04 46458642                   /usr/lib/jvm/java-7-openjdk-amd64/jre/lib/amd64/libnet.so
7fa7f9e6e000-7fa7fa06e000 ---p 00017000 08:04 46458642                   /usr/lib/jvm/java-7-openjdk-amd64/jre/lib/amd64/libnet.so
7fa7fa06e000-7fa7fa06f000 r--p 00017000 08:04 46458642                   /usr/lib/jvm/java-7-openjdk-amd64/jre/lib/amd64/libnet.so
7fa7fa06f000-7fa7fa070000 rw-p 00018000 08:04 46458642                   /usr/lib/jvm/java-7-openjdk-amd64/jre/lib/amd64/libnet.so
7fa7fa070000-7fa7fa081000 r-xp 00000000 08:04 46458606                   /usr/lib/jvm/java-7-openjdk-amd64/jre/lib/amd64/libnio.so
7fa7fa081000-7fa7fa280000 ---p 00011000 08:04 46458606                   /usr/lib/jvm/java-7-openjdk-amd64/jre/lib/amd64/libnio.so
7fa7fa280000-7fa7fa281000 r--p 00010000 08:04 46458606                   /usr/lib/jvm/java-7-openjdk-amd64/jre/lib/amd64/libnio.so
7fa7fa281000-7fa7fa282000 rw-p 00011000 08:04 46458606                   /usr/lib/jvm/java-7-openjdk-amd64/jre/lib/amd64/libnio.so
7fa7fa282000-7fa7faad0000 r--p 00000000 08:04 45934766                   /usr/lib/locale/locale-archive
7fa7faad0000-7fa7fd000000 rw-p 00000000 00:00 0 
7fa7fd000000-7fa7fd510000 rwxp 00000000 00:00 0 
7fa7fd510000-7fa800337000 rw-p 00000000 00:00 0 
7fa800337000-7fa804000000 ---p 00000000 00:00 0 
7fa8040c7000-7fa804173000 r--s 00815000 08:04 31188674                   /home/ugar/project/OfferFind-TemplatePoc-Android/app/build/intermediates/transforms/instantRunSlicer/debug/jars/1/1a/dependencies.jar
7fa804173000-7fa804182000 r--s 000df000 08:04 29426980                   /home/ugar/Android/Sdk/build-tools/23.0.2/lib/dx.jar
7fa804182000-7fa804183000 ---p 00000000 00:00 0 
7fa804183000-7fa804283000 rw-p 00000000 00:00 0                          [stack:4607]
7fa804283000-7fa804286000 ---p 00000000 00:00 0 
7fa804286000-7fa804384000 rw-p 00000000 00:00 0                          [stack:4606]
7fa804384000-7fa804387000 ---p 00000000 00:00 0 
7fa804387000-7fa804485000 rw-p 00000000 00:00 0                          [stack:4605]
7fa804485000-7fa804488000 ---p 00000000 00:00 0 
7fa804488000-7fa804586000 rw-p 00000000 00:00 0                          [stack:4604]
7fa804586000-7fa804589000 ---p 00000000 00:00 0 
7fa804589000-7fa804687000 rw-p 00000000 00:00 0                          [stack:4603]
7fa804687000-7fa80468a000 ---p 00000000 00:00 0 
7fa80468a000-7fa804788000 rw-p 00000000 00:00 0                          [stack:4600]
7fa804788000-7fa80478b000 ---p 00000000 00:00 0 
7fa80478b000-7fa804889000 rw-p 00000000 00:00 0                          [stack:4599]
7fa804889000-7fa80488a000 ---p 00000000 00:00 0 
7fa80488a000-7fa805987000 rw-p 00000000 00:00 0                          [stack:4598]
7fa805987000-7fa805b39000 r--s 01d2f000 08:04 46458600                   /usr/lib/jvm/java-7-openjdk-amd64/jre/lib/rt.jar
7fa805b39000-7fa805e85000 rw-p 00000000 00:00 0 
7fa805e85000-7fa805e86000 ---p 00000000 00:00 0 
7fa805e86000-7fa805f86000 rw-p 00000000 00:00 0                          [stack:4596]
7fa805f86000-7fa805f87000 ---p 00000000 00:00 0 
7fa805f87000-7fa806087000 rw-p 00000000 00:00 0                          [stack:4595]
7fa806087000-7fa806088000 ---p 00000000 00:00 0 
7fa806088000-7fa806188000 rw-p 00000000 00:00 0                          [stack:4593]
7fa806188000-7fa806189000 ---p 00000000 00:00 0 
7fa806189000-7fa806294000 rw-p 00000000 00:00 0                          [stack:4591]
7fa806294000-7fa8062dc000 rw-p 00000000 00:00 0 
7fa8062dc000-7fa8063e1000 rw-p 00000000 00:00 0 
7fa8063e1000-7fa806432000 rw-p 00000000 00:00 0 
7fa806432000-7fa80643d000 rw-p 00000000 00:00 0 
7fa80643d000-7fa806485000 rw-p 00000000 00:00 0 
7fa806485000-7fa80658a000 rw-p 00000000 00:00 0 
7fa80658a000-7fa8065da000 rw-p 00000000 00:00 0 
7fa8065da000-7fa806680000 rw-p 00000000 00:00 0 
7fa806680000-7fa806685000 ---p 00000000 00:00 0 
7fa806685000-7fa806686000 rw-p 00000000 00:00 0 
7fa806686000-7fa80668e000 r-xp 00000000 08:04 46458610                   /usr/lib/jvm/java-7-openjdk-amd64/jre/lib/amd64/libzip.so
7fa80668e000-7fa80688d000 ---p 00008000 08:04 46458610                   /usr/lib/jvm/java-7-openjdk-amd64/jre/lib/amd64/libzip.so
7fa80688d000-7fa80688e000 r--p 00007000 08:04 46458610                   /usr/lib/jvm/java-7-openjdk-amd64/jre/lib/amd64/libzip.so
7fa80688e000-7fa80688f000 rw-p 00008000 08:04 46458610                   /usr/lib/jvm/java-7-openjdk-amd64/jre/lib/amd64/libzip.so
7fa80688f000-7fa80689b000 r-xp 00000000 08:04 42877103                   /lib/x86_64-linux-gnu/libnss_files-2.21.so
7fa80689b000-7fa806a9a000 ---p 0000c000 08:04 42877103                   /lib/x86_64-linux-gnu/libnss_files-2.21.so
7fa806a9a000-7fa806a9b000 r--p 0000b000 08:04 42877103                   /lib/x86_64-linux-gnu/libnss_files-2.21.so
7fa806a9b000-7fa806a9c000 rw-p 0000c000 08:04 42877103                   /lib/x86_64-linux-gnu/libnss_files-2.21.so
7fa806a9c000-7fa806aa7000 r-xp 00000000 08:04 42877123                   /lib/x86_64-linux-gnu/libnss_nis-2.21.so
7fa806aa7000-7fa806ca6000 ---p 0000b000 08:04 42877123                   /lib/x86_64-linux-gnu/libnss_nis-2.21.so
7fa806ca6000-7fa806ca7000 r--p 0000a000 08:04 42877123                   /lib/x86_64-linux-gnu/libnss_nis-2.21.so
7fa806ca7000-7fa806ca8000 rw-p 0000b000 08:04 42877123                   /lib/x86_64-linux-gnu/libnss_nis-2.21.so
7fa806ca8000-7fa806cbf000 r-xp 00000000 08:04 42877117                   /lib/x86_64-linux-gnu/libnsl-2.21.so
7fa806cbf000-7fa806ebe000 ---p 00017000 08:04 42877117                   /lib/x86_64-linux-gnu/libnsl-2.21.so
7fa806ebe000-7fa806ebf000 r--p 00016000 08:04 42877117                   /lib/x86_64-linux-gnu/libnsl-2.21.so
7fa806ebf000-7fa806ec0000 rw-p 00017000 08:04 42877117                   /lib/x86_64-linux-gnu/libnsl-2.21.so
7fa806ec0000-7fa806ec2000 rw-p 00000000 00:00 0 
7fa806ec2000-7fa806eca000 r-xp 00000000 08:04 42877113                   /lib/x86_64-linux-gnu/libnss_compat-2.21.so
7fa806eca000-7fa8070c9000 ---p 00008000 08:04 42877113                   /lib/x86_64-linux-gnu/libnss_compat-2.21.so
7fa8070c9000-7fa8070ca000 r--p 00007000 08:04 42877113                   /lib/x86_64-linux-gnu/libnss_compat-2.21.so
7fa8070ca000-7fa8070cb000 rw-p 00008000 08:04 42877113                   /lib/x86_64-linux-gnu/libnss_compat-2.21.so
7fa8070cb000-7fa8070f7000 r-xp 00000000 08:04 46458623                   /usr/lib/jvm/java-7-openjdk-amd64/jre/lib/amd64/libjava.so
7fa8070f7000-7fa8072f6000 ---p 0002c000 08:04 46458623                   /usr/lib/jvm/java-7-openjdk-amd64/jre/lib/amd64/libjava.so
7fa8072f6000-7fa8072f7000 r--p 0002b000 08:04 46458623                   /usr/lib/jvm/java-7-openjdk-amd64/jre/lib/amd64/libjava.so
7fa8072f7000-7fa8072f9000 rw-p 0002c000 08:04 46458623                   /usr/lib/jvm/java-7-openjdk-amd64/jre/lib/amd64/libjava.so
7fa8072f9000-7fa807308000 r-xp 00000000 08:04 46458638                   /usr/lib/jvm/java-7-openjdk-amd64/jre/lib/amd64/libverify.so
7fa807308000-7fa807507000 ---p 0000f000 08:04 46458638                   /usr/lib/jvm/java-7-openjdk-amd64/jre/lib/amd64/libverify.so
7fa807507000-7fa807509000 r--p 0000e000 08:04 46458638                   /usr/lib/jvm/java-7-openjdk-amd64/jre/lib/amd64/libverify.so
7fa807509000-7fa80750a000 rw-p 00010000 08:04 46458638                   /usr/lib/jvm/java-7-openjdk-amd64/jre/lib/amd64/libverify.so
7fa80750a000-7fa807511000 r-xp 00000000 08:04 42877031                   /lib/x86_64-linux-gnu/librt-2.21.so
7fa807511000-7fa807710000 ---p 00007000 08:04 42877031                   /lib/x86_64-linux-gnu/librt-2.21.so
7fa807710000-7fa807711000 r--p 00006000 08:04 42877031                   /lib/x86_64-linux-gnu/librt-2.21.so
7fa807711000-7fa807712000 rw-p 00007000 08:04 42877031                   /lib/x86_64-linux-gnu/librt-2.21.so
7fa807712000-7fa807728000 r-xp 00000000 08:04 42879802                   /lib/x86_64-linux-gnu/libgcc_s.so.1
7fa807728000-7fa807927000 ---p 00016000 08:04 42879802                   /lib/x86_64-linux-gnu/libgcc_s.so.1
7fa807927000-7fa807928000 r--p 00015000 08:04 42879802                   /lib/x86_64-linux-gnu/libgcc_s.so.1
7fa807928000-7fa807929000 rw-p 00016000 08:04 42879802                   /lib/x86_64-linux-gnu/libgcc_s.so.1
7fa807929000-7fa807a30000 r-xp 00000000 08:04 42877125                   /lib/x86_64-linux-gnu/libm-2.21.so
7fa807a30000-7fa807c2f000 ---p 00107000 08:04 42877125                   /lib/x86_64-linux-gnu/libm-2.21.so
7fa807c2f000-7fa807c30000 r--p 00106000 08:04 42877125                   /lib/x86_64-linux-gnu/libm-2.21.so
7fa807c30000-7fa807c31000 rw-p 00107000 08:04 42877125                   /lib/x86_64-linux-gnu/libm-2.21.so
7fa807c31000-7fa807da4000 r-xp 00000000 08:04 45936742                   /usr/lib/x86_64-linux-gnu/libstdc++.so.6.0.21
7fa807da4000-7fa807fa3000 ---p 00173000 08:04 45936742                   /usr/lib/x86_64-linux-gnu/libstdc++.so.6.0.21
7fa807fa3000-7fa807fad000 r--p 00172000 08:04 45936742                   /usr/lib/x86_64-linux-gnu/libstdc++.so.6.0.21
7fa807fad000-7fa807faf000 rw-p 0017c000 08:04 45936742                   /usr/lib/x86_64-linux-gnu/libstdc++.so.6.0.21
7fa807faf000-7fa807fb3000 rw-p 00000000 00:00 0 
7fa807fb3000-7fa808b04000 r-xp 00000000 08:04 46458630                   /usr/lib/jvm/java-7-openjdk-amd64/jre/lib/amd64/server/libjvm.so
7fa808b04000-7fa808d03000 ---p 00b51000 08:04 46458630                   /usr/lib/jvm/java-7-openjdk-amd64/jre/lib/amd64/server/libjvm.so
7fa808d03000-7fa808d94000 r--p 00b50000 08:04 46458630                   /usr/lib/jvm/java-7-openjdk-amd64/jre/lib/amd64/server/libjvm.so
7fa808d94000-7fa808db7000 rw-p 00be1000 08:04 46458630                   /usr/lib/jvm/java-7-openjdk-amd64/jre/lib/amd64/server/libjvm.so
7fa808db7000-7fa808de2000 rw-p 00000000 00:00 0 
7fa808de2000-7fa808dfb000 r-xp 00000000 08:04 42879948                   /lib/x86_64-linux-gnu/libz.so.1.2.8
7fa808dfb000-7fa808ffa000 ---p 00019000 08:04 42879948                   /lib/x86_64-linux-gnu/libz.so.1.2.8
7fa808ffa000-7fa808ffb000 r--p 00018000 08:04 42879948                   /lib/x86_64-linux-gnu/libz.so.1.2.8
7fa808ffb000-7fa808ffc000 rw-p 00019000 08:04 42879948                   /lib/x86_64-linux-gnu/libz.so.1.2.8
7fa808ffc000-7fa809014000 r-xp 00000000 08:04 42877037                   /lib/x86_64-linux-gnu/libpthread-2.21.so
7fa809014000-7fa809214000 ---p 00018000 08:04 42877037                   /lib/x86_64-linux-gnu/libpthread-2.21.so
7fa809214000-7fa809215000 r--p 00018000 08:04 42877037                   /lib/x86_64-linux-gnu/libpthread-2.21.so
7fa809215000-7fa809216000 rw-p 00019000 08:04 42877037                   /lib/x86_64-linux-gnu/libpthread-2.21.so
7fa809216000-7fa80921a000 rw-p 00000000 00:00 0 
7fa80921a000-7fa80921d000 r-xp 00000000 08:04 42877122                   /lib/x86_64-linux-gnu/libdl-2.21.so
7fa80921d000-7fa80941c000 ---p 00003000 08:04 42877122                   /lib/x86_64-linux-gnu/libdl-2.21.so
7fa80941c000-7fa80941d000 r--p 00002000 08:04 42877122                   /lib/x86_64-linux-gnu/libdl-2.21.so
7fa80941d000-7fa80941e000 rw-p 00003000 08:04 42877122                   /lib/x86_64-linux-gnu/libdl-2.21.so
7fa80941e000-7fa8095de000 r-xp 00000000 08:04 42877126                   /lib/x86_64-linux-gnu/libc-2.21.so
7fa8095de000-7fa8097de000 ---p 001c0000 08:04 42877126                   /lib/x86_64-linux-gnu/libc-2.21.so
7fa8097de000-7fa8097e2000 r--p 001c0000 08:04 42877126                   /lib/x86_64-linux-gnu/libc-2.21.so
7fa8097e2000-7fa8097e4000 rw-p 001c4000 08:04 42877126                   /lib/x86_64-linux-gnu/libc-2.21.so
7fa8097e4000-7fa8097e8000 rw-p 00000000 00:00 0 
7fa8097e8000-7fa8097f5000 r-xp 00000000 08:04 46458639                   /usr/lib/jvm/java-7-openjdk-amd64/jre/lib/amd64/jli/libjli.so
7fa8097f5000-7fa8099f4000 ---p 0000d000 08:04 46458639                   /usr/lib/jvm/java-7-openjdk-amd64/jre/lib/amd64/jli/libjli.so
7fa8099f4000-7fa8099f5000 r--p 0000c000 08:04 46458639                   /usr/lib/jvm/java-7-openjdk-amd64/jre/lib/amd64/jli/libjli.so
7fa8099f5000-7fa8099f6000 rw-p 0000d000 08:04 46458639                   /usr/lib/jvm/java-7-openjdk-amd64/jre/lib/amd64/jli/libjli.so
7fa8099f6000-7fa809a1a000 r-xp 00000000 08:04 42877120                   /lib/x86_64-linux-gnu/ld-2.21.so
7fa809a1a000-7fa809a1b000 rw-p 00000000 00:00 0 
7fa809a1b000-7fa809a1c000 r--s 00002000 08:04 46458597                   /usr/lib/jvm/java-7-openjdk-amd64/jre/lib/ext/dnsns.jar
7fa809a1c000-7fa809a20000 r--s 00034000 08:04 46458595                   /usr/lib/jvm/java-7-openjdk-amd64/jre/lib/ext/sunjce_provider.jar
7fa809a20000-7fa809a23000 r--s 0000f000 08:04 46458594                   /usr/lib/jvm/java-7-openjdk-amd64/jre/lib/ext/icedtea-sound.jar
7fa809a23000-7fa809a27000 r--s 00085000 08:04 46458593                   /usr/lib/jvm/java-7-openjdk-amd64/jre/lib/ext/localedata.jar
7fa809a27000-7fa809a29000 r--s 00012000 08:04 46458592                   /usr/lib/jvm/java-7-openjdk-amd64/jre/lib/ext/zipfs.jar
7fa809a29000-7fa809a2d000 r--s 0003c000 08:04 46458596                   /usr/lib/jvm/java-7-openjdk-amd64/jre/lib/ext/sunpkcs11.jar
7fa809a2d000-7fa809a2f000 r--s 00007000 08:04 46005494                   /usr/share/java/java-atk-wrapper.jar
7fa809a2f000-7fa809a44000 rw-p 00000000 00:00 0 
7fa809a44000-7fa809aef000 rw-p 00000000 00:00 0 
7fa809aef000-7fa809af2000 ---p 00000000 00:00 0 
7fa809af2000-7fa809c0d000 rw-p 00000000 00:00 0                          [stack:4589]
7fa809c0d000-7fa809c15000 rw-s 00000000 08:04 29583577                   /tmp/hsperfdata_ugar/4586
7fa809c15000-7fa809c16000 rw-p 00000000 00:00 0 
7fa809c16000-7fa809c17000 ---p 00000000 00:00 0 
7fa809c17000-7fa809c19000 rw-p 00000000 00:00 0 
7fa809c19000-7fa809c1a000 r--p 00023000 08:04 42877120                   /lib/x86_64-linux-gnu/ld-2.21.so
7fa809c1a000-7fa809c1b000 rw-p 00024000 08:04 42877120                   /lib/x86_64-linux-gnu/ld-2.21.so
7fa809c1b000-7fa809c1c000 rw-p 00000000 00:00 0 
7fffbc4ba000-7fffbc4db000 rw-p 00000000 00:00 0                          [stack]
7fffbc4f3000-7fffbc4f5000 r--p 00000000 00:00 0                          [vvar]
7fffbc4f5000-7fffbc4f7000 r-xp 00000000 00:00 0                          [vdso]
ffffffffff600000-ffffffffff601000 r-xp 00000000 00:00 0                  [vsyscall]

VM Arguments:
jvm_args: -Djava.awt.headless=true -Xmx1024M -Dfile.encoding=UTF-8 -Duser.country=RU -Duser.language=ru -Duser.variant 
java_command: com.android.dx.command.Main --dex --force-jumbo --num-threads=4 --multi-dex --output /home/ugar/project/OfferFind-TemplatePoc-Android/app/build/intermediates/transforms/dex/debug/folders/1000/1a/dependencies_3a0933fc0433e3d8718cc9f29ed118f018b75ed8 /home/ugar/project/OfferFind-TemplatePoc-Android/app/build/intermediates/transforms/instantRunSlicer/debug/jars/1/1a/dependencies.jar
Launcher Type: SUN_STANDARD

Environment Variables:
PATH=/usr/local/sbin:/usr/local/bin:/usr/sbin:/usr/bin:/sbin:/bin:/usr/games:/usr/local/games:/home/ugar/Android/Sdk/tools:/home/ugar/Android/Sdk/platform-tools:/home/ugar/Android/Sdk/build-tools:/usr/lib/jvm/java-7-openjdk-amd64/jre/bin
LD_LIBRARY_PATH=/home/ugar/android-studio/bin:
SHELL=/bin/bash
DISPLAY=:0

Signal Handlers:
SIGSEGV: [libjvm.so+0x995450], sa_mask[0]=0x7ffbfeff, sa_flags=0x10000004
SIGBUS: [libjvm.so+0x995450], sa_mask[0]=0x7ffbfeff, sa_flags=0x10000004
SIGFPE: [libjvm.so+0x7fc6a0], sa_mask[0]=0x7ffbfeff, sa_flags=0x10000004
SIGPIPE: [libjvm.so+0x7fc6a0], sa_mask[0]=0x7ffbfeff, sa_flags=0x10000004
SIGXFSZ: [libjvm.so+0x7fc6a0], sa_mask[0]=0x7ffbfeff, sa_flags=0x10000004
SIGILL: [libjvm.so+0x7fc6a0], sa_mask[0]=0x7ffbfeff, sa_flags=0x10000004
SIGUSR1: SIG_DFL, sa_mask[0]=0x00000000, sa_flags=0x00000000
SIGUSR2: [libjvm.so+0x7fc520], sa_mask[0]=0x00000004, sa_flags=0x10000004
SIGHUP: [libjvm.so+0x7fc6b0], sa_mask[0]=0x7ffbfeff, sa_flags=0x10000004
SIGINT: [libjvm.so+0x7fc6b0], sa_mask[0]=0x7ffbfeff, sa_flags=0x10000004
SIGTERM: [libjvm.so+0x7fc6b0], sa_mask[0]=0x7ffbfeff, sa_flags=0x10000004
SIGQUIT: [libjvm.so+0x7fc6b0], sa_mask[0]=0x7ffbfeff, sa_flags=0x10000004
SIGTRAP: SIG_DFL, sa_mask[0]=0x00000000, sa_flags=0x00000000


---------------  S Y S T E M  ---------------

OS:Ubuntu 15.10 (wily)
uname:Linux 4.2.0-25-generic #30-Ubuntu SMP Mon Jan 18 12:31:50 UTC 2016 x86_64
libc:glibc 2.21 NPTL 2.21 
rlimit: STACK 8192k, CORE 0k, NPROC 63819, NOFILE 65536, AS infinity
load average:6,38 2,33 1,35

/proc/meminfo:
MemTotal:       16371936 kB
MemFree:         7822024 kB
MemAvailable:   10883276 kB
Buffers:          566176 kB
Cached:          2285356 kB
SwapCached:            0 kB
Active:          6671512 kB
Inactive:        1306828 kB
Active(anon):    5128476 kB
Inactive(anon):    51576 kB
Active(file):    1543036 kB
Inactive(file):  1255252 kB
Unevictable:         144 kB
Mlocked:             144 kB
SwapTotal:             0 kB
SwapFree:              0 kB
Dirty:              1084 kB
Writeback:             0 kB
AnonPages:       5143524 kB
Mapped:           567972 kB
Shmem:             53152 kB
Slab:             365780 kB
SReclaimable:     323420 kB
SUnreclaim:        42360 kB
KernelStack:       13728 kB
PageTables:        57456 kB
NFS_Unstable:          0 kB
Bounce:                0 kB
WritebackTmp:          0 kB
CommitLimit:     8185968 kB
Committed_AS:   11436552 kB
VmallocTotal:   34359738367 kB
VmallocUsed:      133352 kB
VmallocChunk:   34359537660 kB
HardwareCorrupted:     0 kB
AnonHugePages:   3229696 kB
CmaTotal:              0 kB
CmaFree:               0 kB
HugePages_Total:       0
HugePages_Free:        0
HugePages_Rsvd:        0
HugePages_Surp:        0
Hugepagesize:       2048 kB
DirectMap4k:      299196 kB
DirectMap2M:     6979584 kB
DirectMap1G:    10485760 kB


CPU:total 4 (4 cores per cpu, 1 threads per core) family 6 model 60 stepping 3, cmov, cx8, fxsr, mmx, sse, sse2, sse3, ssse3, sse4.1, sse4.2, popcnt, avx, avx2, aes, erms, tsc, tscinvbit

/proc/cpuinfo:
processor	: 0
vendor_id	: GenuineIntel
cpu family	: 6
model		: 60
model name	: Intel(R) Core(TM) i5-4440 CPU @ 3.10GHz
stepping	: 3
microcode	: 0x9
cpu MHz		: 3100.000
cache size	: 6144 KB
physical id	: 0
siblings	: 4
core id		: 0
cpu cores	: 4
apicid		: 0
initial apicid	: 0
fpu		: yes
fpu_exception	: yes
cpuid level	: 13
wp		: yes
flags		: fpu vme de pse tsc msr pae mce cx8 apic sep mtrr pge mca cmov pat pse36 clflush dts acpi mmx fxsr sse sse2 ss ht tm pbe syscall nx pdpe1gb rdtscp lm constant_tsc arch_perfmon pebs bts rep_good nopl xtopology nonstop_tsc aperfmperf eagerfpu pni pclmulqdq dtes64 monitor ds_cpl vmx est tm2 ssse3 fma cx16 xtpr pdcm pcid sse4_1 sse4_2 x2apic movbe popcnt tsc_deadline_timer aes xsave avx f16c rdrand lahf_lm abm ida arat pln pts dtherm tpr_shadow vnmi flexpriority ept vpid fsgsbase tsc_adjust bmi1 avx2 smep bmi2 erms invpcid xsaveopt
bugs		:
bogomips	: 6198.38
clflush size	: 64
cache_alignment	: 64
address sizes	: 39 bits physical, 48 bits virtual
power management:

processor	: 1
vendor_id	: GenuineIntel
cpu family	: 6
model		: 60
model name	: Intel(R) Core(TM) i5-4440 CPU @ 3.10GHz
stepping	: 3
microcode	: 0x9
cpu MHz		: 3100.000
cache size	: 6144 KB
physical id	: 0
siblings	: 4
core id		: 1
cpu cores	: 4
apicid		: 2
initial apicid	: 2
fpu		: yes
fpu_exception	: yes
cpuid level	: 13
wp		: yes
flags		: fpu vme de pse tsc msr pae mce cx8 apic sep mtrr pge mca cmov pat pse36 clflush dts acpi mmx fxsr sse sse2 ss ht tm pbe syscall nx pdpe1gb rdtscp lm constant_tsc arch_perfmon pebs bts rep_good nopl xtopology nonstop_tsc aperfmperf eagerfpu pni pclmulqdq dtes64 monitor ds_cpl vmx est tm2 ssse3 fma cx16 xtpr pdcm pcid sse4_1 sse4_2 x2apic movbe popcnt tsc_deadline_timer aes xsave avx f16c rdrand lahf_lm abm ida arat pln pts dtherm tpr_shadow vnmi flexpriority ept vpid fsgsbase tsc_adjust bmi1 avx2 smep bmi2 erms invpcid xsaveopt
bugs		:
bogomips	: 6198.38
clflush size	: 64
cache_alignment	: 64
address sizes	: 39 bits physical, 48 bits virtual
power management:

processor	: 2
vendor_id	: GenuineIntel
cpu family	: 6
model		: 60
model name	: Intel(R) Core(TM) i5-4440 CPU @ 3.10GHz
stepping	: 3
microcode	: 0x9
cpu MHz		: 3100.000
cache size	: 6144 KB
physical id	: 0
siblings	: 4
core id		: 2
cpu cores	: 4
apicid		: 4
initial apicid	: 4
fpu		: yes
fpu_exception	: yes
cpuid level	: 13
wp		: yes
flags		: fpu vme de pse tsc msr pae mce cx8 apic sep mtrr pge mca cmov pat pse36 clflush dts acpi mmx fxsr sse sse2 ss ht tm pbe syscall nx pdpe1gb rdtscp lm constant_tsc arch_perfmon pebs bts rep_good nopl xtopology nonstop_tsc aperfmperf eagerfpu pni pclmulqdq dtes64 monitor ds_cpl vmx est tm2 ssse3 fma cx16 xtpr pdcm pcid sse4_1 sse4_2 x2apic movbe popcnt tsc_deadline_timer aes xsave avx f16c rdrand lahf_lm abm ida arat pln pts dtherm tpr_shadow vnmi flexpriority ept vpid fsgsbase tsc_adjust bmi1 avx2 smep bmi2 erms invpcid xsaveopt
bugs		:
bogomips	: 6198.38
clflush size	: 64
cache_alignment	: 64
address sizes	: 39 bits physical, 48 bits virtual
power management:

processor	: 3
vendor_id	: GenuineIntel
cpu family	: 6
model		: 60
model name	: Intel(R) Core(TM) i5-4440 CPU @ 3.10GHz
stepping	: 3
microcode	: 0x9
cpu MHz		: 3099.878
cache size	: 6144 KB
physical id	: 0
siblings	: 4
core id		: 3
cpu cores	: 4
apicid		: 6
initial apicid	: 6
fpu		: yes
fpu_exception	: yes
cpuid level	: 13
wp		: yes
flags		: fpu vme de pse tsc msr pae mce cx8 apic sep mtrr pge mca cmov pat pse36 clflush dts acpi mmx fxsr sse sse2 ss ht tm pbe syscall nx pdpe1gb rdtscp lm constant_tsc arch_perfmon pebs bts rep_good nopl xtopology nonstop_tsc aperfmperf eagerfpu pni pclmulqdq dtes64 monitor ds_cpl vmx est tm2 ssse3 fma cx16 xtpr pdcm pcid sse4_1 sse4_2 x2apic movbe popcnt tsc_deadline_timer aes xsave avx f16c rdrand lahf_lm abm ida arat pln pts dtherm tpr_shadow vnmi flexpriority ept vpid fsgsbase tsc_adjust bmi1 avx2 smep bmi2 erms invpcid xsaveopt
bugs		:
bogomips	: 6198.38
clflush size	: 64
cache_alignment	: 64
address sizes	: 39 bits physical, 48 bits virtual
power management:



Memory: 4k page, physical 16371936k(7822024k free), swap 0k(0k free)

vm_info: OpenJDK 64-Bit Server VM (24.95-b01) for linux-amd64 JRE (1.7.0_95-b00), built on Jan 21 2016 03:36:38 by "buildd" with gcc 5.2.1 20151010

time: Wed Mar 23 10:13:51 2016
elapsed time: 25 seconds

