#
# A fatal error has been detected by the Java Runtime Environment:
#
#  SIGSEGV (0xb) at pc=0x00007fcca1a5dfa2, pid=10438, tid=140516701333248
#
# JRE version: OpenJDK Runtime Environment (7.0_95) (build 1.7.0_95-b00)
# Java VM: OpenJDK 64-Bit Server VM (24.95-b01 mixed mode linux-amd64 compressed oops)
# Derivative: IcedTea 2.6.4
# Distribution: Ubuntu 15.10, package 7u95-2.6.4-0ubuntu0.15.10.1
# Problematic frame:
# V  [libjvm.so+0x86cfa2]
#
# Failed to write core dump. Core dumps have been disabled. To enable core dumping, try "ulimit -c unlimited" before starting Java again
#
# If you would like to submit a bug report, please include
# instructions on how to reproduce the bug and visit:
#   http://icedtea.classpath.org/bugzilla
#

---------------  T H R E A D  ---------------

Current thread (0x00007fcc9c026000):  GCTaskThread [stack: 0x00007fcc98016000,0x00007fcc98117000] [id=10449]

siginfo:si_signo=SIGSEGV: si_errno=0, si_code=128 (), si_addr=0x0000000000000000

Registers:
RAX=0xf7ae4bf0c2a1d230, RBX=0x00007fcc9c073fb0, RCX=0x00000000ffffd3c4, RDX=0x00000000000000cb
RSP=0x00007fcc98115c90, RBP=0x00007fcc98115d10, RSI=0xfffffffffffffff8, RDI=0x00000000c8d3c423
R8 =0xf7ae4bf0c2a1d230, R9 =0x00000000fcf56a8d, R10=0x0000000000000000, R11=0x0000000000000020
R12=0x00000000f7b3d390, R13=0x0000000000000019, R14=0x00007fcc9c073fb0, R15=0x0000000000000019
RIP=0x00007fcca1a5dfa2, EFLAGS=0x0000000000010286, CSGSFS=0x0000000000000033, ERR=0x0000000000000000
  TRAPNO=0x000000000000000d

Top of Stack: (sp=0x00007fcc98115c90)
0x00007fcc98115c90:   00000000c76a76a0 00007fcca1fe22d0
0x00007fcc98115ca0:   0000000000000000 00007fcc9c073fb8
0x00007fcc98115cb0:   0000000000000009 00000000fcf56a78
0x00007fcc98115cc0:   00000000fcf515d8 0000000000001000
0x00007fcc98115cd0:   00007fcc98115d20 174fe3211d986400
0x00007fcc98115ce0:   00007fcc9c027228 00007fcc9c073fb0
0x00007fcc98115cf0:   00000000fcf56a8c 00007fcca1fe22d0
0x00007fcc98115d00:   0000000000000001 00007fcca1ffd672
0x00007fcc98115d10:   00007fcc98115d80 00007fcca1a5d8c8
0x00007fcc98115d20:   00007fcc98115dd0 00007fcc9c074020
0x00007fcc98115d30:   0000063200000370 0000000000000100
0x00007fcc98115d40:   0000063100000370 0000000000000200
0x00007fcc98115d50:   00007fcc985fe500 0000000000000003
0x00007fcc98115d60:   00007fcc64af0f00 00007fcca1beb36b
0x00007fcc98115d70:   00007fcc9c073fb0 00007fcca1ffd672
0x00007fcc98115d80:   00007fcc98115e00 00007fcca1a61731
0x00007fcc98115d90:   00007fcc985fe550 00007fcc9c01b240
0x00007fcc98115da0:   00007fcc9c073fb0 00007fcc64af0f00
0x00007fcc98115db0:   00007fcc9c073fb0 00007fcca19ba12b
0x00007fcc98115dc0:   00007fcc9c01fa80 174fe3211d986400
0x00007fcc98115dd0:   00007fcc98115e00 0000000000000001
0x00007fcc98115de0:   00007fcc64af0f00 00007fcca1beb36b
0x00007fcc98115df0:   00007fcc9c026000 00007fcca1ffd672
0x00007fcc98115e00:   00007fcc98115f10 00007fcca1746bf2
0x00007fcc98115e10:   00000000000003d8 00007fcc9c026848
0x00007fcc98115e20:   00007fcc9c026470 00007fcc98115ea0
0x00007fcc98115e30:   00007fcc9c026430 00007fcc9c026460
0x00007fcc98115e40:   00007fcc98115e50 0000000000000000
0x00007fcc98115e50:   0000000000000000 00007fcc9c0275f0
0x00007fcc98115e60:   00007fcc9c026000 00007fcc9c026850
0x00007fcc98115e70:   00007fcc9c026890 00007fcc9c0268a0
0x00007fcc98115e80:   00007fcc9c026c78 00000000000003d8 

Instructions: (pc=0x00007fcca1a5dfa2)
0x00007fcca1a5df82:   0f 85 48 04 00 00 c1 f9 03 41 89 cd 41 f6 c0 01
0x00007fcca1a5df92:   4d 63 fd 4c 89 c0 0f 85 b2 02 00 00 48 83 e0 fd
0x00007fcca1a5dfa2:   48 8b 00 48 c1 e8 03 83 e0 0f 48 8d 15 9d 85 5a
0x00007fcca1a5dfb2:   00 3b 02 0f 8d 65 01 00 00 49 8b 5e 10 4a 8d 14 

Register to memory mapping:

RAX=0xf7ae4bf0c2a1d230 is an unknown value
RBX=0x00007fcc9c073fb0 is an unknown value
RCX=0x00000000ffffd3c4 is an unknown value
RDX=0x00000000000000cb is an unknown value
RSP=0x00007fcc98115c90 is an unknown value
RBP=0x00007fcc98115d10 is an unknown value
RSI=0xfffffffffffffff8 is an unknown value
RDI=0x00000000c8d3c423 is pointing into object: 0x00000000c8d3c410
com.android.dx.dex.code.LocalSnapshot 
 - klass: 'com/android/dx/dex/code/LocalSnapshot'
R8 =0xf7ae4bf0c2a1d230 is an unknown value
R9 =0x00000000fcf56a8d is an unknown value
R10=0x0000000000000000 is an unknown value
R11=0x0000000000000020 is an unknown value
R12=0x00000000f7b3d390 is an unknown value
R13=0x0000000000000019 is an unknown value
R14=0x00007fcc9c073fb0 is an unknown value
R15=0x0000000000000019 is an unknown value


Stack: [0x00007fcc98016000,0x00007fcc98117000],  sp=0x00007fcc98115c90,  free space=1023k
Native frames: (J=compiled Java code, j=interpreted, Vv=VM code, C=native code)
V  [libjvm.so+0x86cfa2]
V  [libjvm.so+0x86c8c8]
V  [libjvm.so+0x870731]
V  [libjvm.so+0x555bf2]
V  [libjvm.so+0x7fe362]


---------------  P R O C E S S  ---------------

Java Threads: ( => current thread )
  0x00007fcc9c1a8000 JavaThread "pool-2-thread-4" [_thread_blocked, id=10495, stack(0x00007fcc7d5c1000,0x00007fcc7d6c2000)]
  0x00007fcc9c1a6800 JavaThread "pool-2-thread-3" [_thread_blocked, id=10494, stack(0x00007fcc7d6c2000,0x00007fcc7d7c3000)]
  0x00007fcc9c1a4800 JavaThread "pool-2-thread-2" [_thread_blocked, id=10493, stack(0x00007fcc7d7c3000,0x00007fcc7d8c4000)]
  0x00007fcc9c1a3800 JavaThread "pool-3-thread-1" [_thread_blocked, id=10492, stack(0x00007fcc7d8c4000,0x00007fcc7d9c5000)]
  0x00007fcc9c16c800 JavaThread "pool-2-thread-1" [_thread_blocked, id=10491, stack(0x00007fcc7d9c5000,0x00007fcc7dac6000)]
  0x00007fcc9c0b1800 JavaThread "Service Thread" daemon [_thread_blocked, id=10474, stack(0x00007fcc7f6b1000,0x00007fcc7f7b2000)]
  0x00007fcc9c0af000 JavaThread "C2 CompilerThread1" daemon [_thread_blocked, id=10473, stack(0x00007fcc94089000,0x00007fcc9418a000)]
  0x00007fcc9c0ac000 JavaThread "C2 CompilerThread0" daemon [_thread_blocked, id=10472, stack(0x00007fcc9418a000,0x00007fcc9428b000)]
  0x00007fcc9c0a9800 JavaThread "Signal Dispatcher" daemon [_thread_blocked, id=10471, stack(0x00007fcc9428b000,0x00007fcc9438c000)]
  0x00007fcc9c07c800 JavaThread "Finalizer" daemon [_thread_blocked, id=10460, stack(0x00007fcc9438c000,0x00007fcc9448d000)]
  0x00007fcc9c07a800 JavaThread "Reference Handler" daemon [_thread_blocked, id=10459, stack(0x00007fcc9448d000,0x00007fcc9458e000)]
  0x00007fcc9c00a800 JavaThread "main" [_thread_blocked, id=10441, stack(0x00007fcca2d2d000,0x00007fcca2e2e000)]

Other Threads:
  0x00007fcc9c076000 VMThread [stack: 0x00007fcc9458e000,0x00007fcc9468f000] [id=10453]
  0x00007fcc9c0bc000 WatcherThread [stack: 0x00007fcc7f5b0000,0x00007fcc7f6b1000] [id=10475]

=>0x00007fcc9c026000 (exited) GCTaskThread [stack: 0x00007fcc98016000,0x00007fcc98117000] [id=10449]

VM state:at safepoint (normal execution)

VM Mutex/Monitor currently owned by a thread:  ([mutex/lock_event])
[0x00007fcc9c006a80] Threads_lock - owner thread: 0x00007fcc9c076000
[0x00007fcc9c006f80] Heap_lock - owner thread: 0x00007fcc9c1a4800

Heap
 PSYoungGen      total 240128K, used 239747K [0x00000000eaa80000, 0x0000000100000000, 0x0000000100000000)
  eden space 181760K, 100% used [0x00000000eaa80000,0x00000000f5c00000,0x00000000f5c00000)
  from space 58368K, 99% used [0x00000000f5c00000,0x00000000f94a0cd8,0x00000000f9500000)
  to   space 88576K, 50% used [0x00000000fa980000,0x00000000fd4f95d8,0x0000000100000000)
 ParOldGen       total 170496K, used 150410K [0x00000000c0000000, 0x00000000ca680000, 0x00000000eaa80000)
  object space 170496K, 88% used [0x00000000c0000000,0x00000000c92e2a20,0x00000000ca680000)
 PSPermGen       total 21504K, used 6460K [0x00000000b5a00000, 0x00000000b6f00000, 0x00000000c0000000)
  object space 21504K, 30% used [0x00000000b5a00000,0x00000000b604f158,0x00000000b6f00000)

Card table byte_map: [0x00007fcc98570000,0x00007fcc987c4000] byte_map_base: 0x00007fcc97fc3000

Polling page: 0x00007fcca2e54000

Code Cache  [0x00007fcc987c4000, 0x00007fcc98bf4000, 0x00007fcc9b7c4000)
 total_blobs=1350 nmethods=1119 adapters=184 free_code_cache=44989Kb largest_free_block=45993600

Compilation events (10 events):
Event: 9,305 Thread 0x00007fcc9c0ac000 nmethod 1146 0x00007fcc98bcf150 code [0x00007fcc98bcf2a0, 0x00007fcc98bcf3d8]
Event: 9,305 Thread 0x00007fcc9c0ac000 1147 %           com.android.dx.rop.code.LocalVariableExtractor::processBlock @ 68 (327 bytes)
Event: 9,336 Thread 0x00007fcc9c0ac000 nmethod 1147% 0x00007fcc98bdc850 code [0x00007fcc98bdcb20, 0x00007fcc98bddcd0]
Event: 9,336 Thread 0x00007fcc9c0ac000 1148             com.android.dx.dex.file.ClassDefItem::addVirtualMethod (9 bytes)
Event: 9,338 Thread 0x00007fcc9c0ac000 nmethod 1148 0x00007fcc989b6690 code [0x00007fcc989b6800, 0x00007fcc989b6a38]
Event: 9,338 Thread 0x00007fcc9c0ac000 1149             com.android.dx.dex.file.ClassDataItem::addVirtualMethod (24 bytes)
Event: 9,339 Thread 0x00007fcc9c0ac000 nmethod 1149 0x00007fcc98bdc250 code [0x00007fcc98bdc3c0, 0x00007fcc98bdc5d8]
Event: 9,339 Thread 0x00007fcc9c0ac000 1151             java.lang.Thread::interrupted (8 bytes)
Event: 9,340 Thread 0x00007fcc9c0ac000 nmethod 1151 0x00007fcc989b63d0 code [0x00007fcc989b6520, 0x00007fcc989b65a8]
Event: 9,340 Thread 0x00007fcc9c0ac000 1152             com.android.dx.ssa.LiteralOpUpgrader::tryReplacingWithConstant (161 bytes)

GC Heap History (10 events):
Event: 6,725 GC heap after
Heap after GC invocations=5 (full 0):
 PSYoungGen      total 140288K, used 10229K [0x00000000eaa80000, 0x00000000ff280000, 0x0000000100000000)
  eden space 130048K, 0% used [0x00000000eaa80000,0x00000000eaa80000,0x00000000f2980000)
  from space 10240K, 99% used [0x00000000f2980000,0x00000000f337d700,0x00000000f3380000)
  to   space 37888K, 0% used [0x00000000fcd80000,0x00000000fcd80000,0x00000000ff280000)
 ParOldGen       total 170496K, used 43118K [0x00000000c0000000, 0x00000000ca680000, 0x00000000eaa80000)
  object space 170496K, 25% used [0x00000000c0000000,0x00000000c2a1ba40,0x00000000ca680000)
 PSPermGen       total 21504K, used 6376K [0x00000000b5a00000, 0x00000000b6f00000, 0x00000000c0000000)
  object space 21504K, 29% used [0x00000000b5a00000,0x00000000b603a3e8,0x00000000b6f00000)
}
Event: 7,382 GC heap before
{Heap before GC invocations=6 (full 0):
 PSYoungGen      total 140288K, used 140277K [0x00000000eaa80000, 0x00000000ff280000, 0x0000000100000000)
  eden space 130048K, 100% used [0x00000000eaa80000,0x00000000f2980000,0x00000000f2980000)
  from space 10240K, 99% used [0x00000000f2980000,0x00000000f337d700,0x00000000f3380000)
  to   space 37888K, 0% used [0x00000000fcd80000,0x00000000fcd80000,0x00000000ff280000)
 ParOldGen       total 170496K, used 43118K [0x00000000c0000000, 0x00000000ca680000, 0x00000000eaa80000)
  object space 170496K, 25% used [0x00000000c0000000,0x00000000c2a1ba40,0x00000000ca680000)
 PSPermGen       total 21504K, used 6402K [0x00000000b5a00000, 0x00000000b6f00000, 0x00000000c0000000)
  object space 21504K, 29% used [0x00000000b5a00000,0x00000000b6040b00,0x00000000b6f00000)
Event: 7,412 GC heap after
Heap after GC invocations=6 (full 0):
 PSYoungGen      total 292864K, used 31959K [0x00000000eaa80000, 0x00000000ffc80000, 0x0000000100000000)
  eden space 254976K, 0% used [0x00000000eaa80000,0x00000000eaa80000,0x00000000fa380000)
  from space 37888K, 84% used [0x00000000fcd80000,0x00000000fecb5ef8,0x00000000ff280000)
  to   space 43008K, 0% used [0x00000000fa380000,0x00000000fa380000,0x00000000fcd80000)
 ParOldGen       total 170496K, used 43118K [0x00000000c0000000, 0x00000000ca680000, 0x00000000eaa80000)
  object space 170496K, 25% used [0x00000000c0000000,0x00000000c2a1ba40,0x00000000ca680000)
 PSPermGen       total 21504K, used 6402K [0x00000000b5a00000, 0x00000000b6f00000, 0x00000000c0000000)
  object space 21504K, 29% used [0x00000000b5a00000,0x00000000b6040b00,0x00000000b6f00000)
}
Event: 8,232 GC heap before
{Heap before GC invocations=7 (full 0):
 PSYoungGen      total 292864K, used 286935K [0x00000000eaa80000, 0x00000000ffc80000, 0x0000000100000000)
  eden space 254976K, 100% used [0x00000000eaa80000,0x00000000fa380000,0x00000000fa380000)
  from space 37888K, 84% used [0x00000000fcd80000,0x00000000fecb5ef8,0x00000000ff280000)
  to   space 43008K, 0% used [0x00000000fa380000,0x00000000fa380000,0x00000000fcd80000)
 ParOldGen       total 170496K, used 43118K [0x00000000c0000000, 0x00000000ca680000, 0x00000000eaa80000)
  object space 170496K, 25% used [0x00000000c0000000,0x00000000c2a1ba40,0x00000000ca680000)
 PSPermGen       total 21504K, used 6422K [0x00000000b5a00000, 0x00000000b6f00000, 0x00000000c0000000)
  object space 21504K, 29% used [0x00000000b5a00000,0x00000000b6045990,0x00000000b6f00000)
Event: 8,284 GC heap after
Heap after GC invocations=7 (full 0):
 PSYoungGen      total 297984K, used 42981K [0x00000000eaa80000, 0x0000000100000000, 0x0000000100000000)
  eden space 254976K, 0% used [0x00000000eaa80000,0x00000000eaa80000,0x00000000fa380000)
  from space 43008K, 99% used [0x00000000fa380000,0x00000000fcd796f0,0x00000000fcd80000)
  to   space 51712K, 0% used [0x00000000fcd80000,0x00000000fcd80000,0x0000000100000000)
 ParOldGen       total 170496K, used 69596K [0x00000000c0000000, 0x00000000ca680000, 0x00000000eaa80000)
  object space 170496K, 40% used [0x00000000c0000000,0x00000000c43f7040,0x00000000ca680000)
 PSPermGen       total 21504K, used 6422K [0x00000000b5a00000, 0x00000000b6f00000, 0x00000000c0000000)
  object space 21504K, 29% used [0x00000000b5a00000,0x00000000b6045990,0x00000000b6f00000)
}
Event: 8,686 GC heap before
{Heap before GC invocations=8 (full 0):
 PSYoungGen      total 297984K, used 297957K [0x00000000eaa80000, 0x0000000100000000, 0x0000000100000000)
  eden space 254976K, 100% used [0x00000000eaa80000,0x00000000fa380000,0x00000000fa380000)
  from space 43008K, 99% used [0x00000000fa380000,0x00000000fcd796f0,0x00000000fcd80000)
  to   space 51712K, 0% used [0x00000000fcd80000,0x00000000fcd80000,0x0000000100000000)
 ParOldGen       total 170496K, used 69596K [0x00000000c0000000, 0x00000000ca680000, 0x00000000eaa80000)
  object space 170496K, 40% used [0x00000000c0000000,0x00000000c43f7040,0x00000000ca680000)
 PSPermGen       total 21504K, used 6431K [0x00000000b5a00000, 0x00000000b6f00000, 0x00000000c0000000)
  object space 21504K, 29% used [0x00000000b5a00000,0x00000000b6047e28,0x00000000b6f00000)
Event: 8,756 GC heap after
Heap after GC invocations=8 (full 0):
 PSYoungGen      total 233472K, used 51693K [0x00000000eaa80000, 0x0000000100000000, 0x0000000100000000)
  eden space 181760K, 0% used [0x00000000eaa80000,0x00000000eaa80000,0x00000000f5c00000)
  from space 51712K, 99% used [0x00000000fcd80000,0x00000000ffffb420,0x0000000100000000)
  to   space 83968K, 0% used [0x00000000f5c00000,0x00000000f5c00000,0x00000000fae00000)
 ParOldGen       total 170496K, used 99258K [0x00000000c0000000, 0x00000000ca680000, 0x00000000eaa80000)
  object space 170496K, 58% used [0x00000000c0000000,0x00000000c60eea18,0x00000000ca680000)
 PSPermGen       total 21504K, used 6431K [0x00000000b5a00000, 0x00000000b6f00000, 0x00000000c0000000)
  object space 21504K, 29% used [0x00000000b5a00000,0x00000000b6047e28,0x00000000b6f00000)
}
Event: 9,015 GC heap before
{Heap before GC invocations=9 (full 0):
 PSYoungGen      total 233472K, used 233453K [0x00000000eaa80000, 0x0000000100000000, 0x0000000100000000)
  eden space 181760K, 100% used [0x00000000eaa80000,0x00000000f5c00000,0x00000000f5c00000)
  from space 51712K, 99% used [0x00000000fcd80000,0x00000000ffffb420,0x0000000100000000)
  to   space 83968K, 0% used [0x00000000f5c00000,0x00000000f5c00000,0x00000000fae00000)
 ParOldGen       total 170496K, used 99258K [0x00000000c0000000, 0x00000000ca680000, 0x00000000eaa80000)
  object space 170496K, 58% used [0x00000000c0000000,0x00000000c60eea18,0x00000000ca680000)
 PSPermGen       total 21504K, used 6450K [0x00000000b5a00000, 0x00000000b6f00000, 0x00000000c0000000)
  object space 21504K, 29% used [0x00000000b5a00000,0x00000000b604c968,0x00000000b6f00000)
Event: 9,066 GC heap after
Heap after GC invocations=9 (full 0):
 PSYoungGen      total 240128K, used 57987K [0x00000000eaa80000, 0x0000000100000000, 0x0000000100000000)
  eden space 181760K, 0% used [0x00000000eaa80000,0x00000000eaa80000,0x00000000f5c00000)
  from space 58368K, 99% used [0x00000000f5c00000,0x00000000f94a0cd8,0x00000000f9500000)
  to   space 88576K, 0% used [0x00000000fa980000,0x00000000fa980000,0x0000000100000000)
 ParOldGen       total 170496K, used 121511K [0x00000000c0000000, 0x00000000ca680000, 0x00000000eaa80000)
  object space 170496K, 71% used [0x00000000c0000000,0x00000000c76a9f08,0x00000000ca680000)
 PSPermGen       total 21504K, used 6450K [0x00000000b5a00000, 0x00000000b6f00000, 0x00000000c0000000)
  object space 21504K, 29% used [0x00000000b5a00000,0x00000000b604c968,0x00000000b6f00000)
}
Event: 9,342 GC heap before
{Heap before GC invocations=10 (full 0):
 PSYoungGen      total 240128K, used 239747K [0x00000000eaa80000, 0x0000000100000000, 0x0000000100000000)
  eden space 181760K, 100% used [0x00000000eaa80000,0x00000000f5c00000,0x00000000f5c00000)
  from space 58368K, 99% used [0x00000000f5c00000,0x00000000f94a0cd8,0x00000000f9500000)
  to   space 88576K, 0% used [0x00000000fa980000,0x00000000fa980000,0x0000000100000000)
 ParOldGen       total 170496K, used 121511K [0x00000000c0000000, 0x00000000ca680000, 0x00000000eaa80000)
  object space 170496K, 71% used [0x00000000c0000000,0x00000000c76a9f08,0x00000000ca680000)
 PSPermGen       total 21504K, used 6460K [0x00000000b5a00000, 0x00000000b6f00000, 0x00000000c0000000)
  object space 21504K, 30% used [0x00000000b5a00000,0x00000000b604f158,0x00000000b6f00000)

Deoptimization events (10 events):
Event: 9,204 Thread 0x00007fcc9c00a800 Uncommon trap: reason=null_check action=make_not_entrant pc=0x00007fcc98951a94 method=com.android.dx.cf.direct.StdAttributeFactory.enclosingMethod(Lcom/android/dx/cf/direct/DirectClassFile;IILcom/android/dx/cf/iface/ParseObserver;)Lcom/android/dx/cf/iface
Event: 9,209 Thread 0x00007fcc9c16c800 Uncommon trap: reason=unstable_if action=reinterpret pc=0x00007fcc98af15ac method=com.android.dx.ssa.back.FirstFitLocalCombiningAllocator.tryMapReg(Lcom/android/dx/rop/code/RegisterSpec;II)Z @ 19
Event: 9,225 Thread 0x00007fcc9c1a8000 Uncommon trap: reason=unstable_if action=reinterpret pc=0x00007fcc98a4e83c method=com.android.dx.cf.code.Simulator$SimVisitor.visitLocal(IIIILcom/android/dx/rop/type/Type;I)V @ 222
Event: 9,227 Thread 0x00007fcc9c1a8000 Uncommon trap: reason=class_check action=maybe_recompile pc=0x00007fcc98b2bf8c method=com.android.dx.cf.code.BytecodeArray.parseInstruction(ILcom/android/dx/cf/code/BytecodeArray$Visitor;)I @ 2017
Event: 9,265 Thread 0x00007fcc9c1a6800 Uncommon trap: reason=bimorphic action=maybe_recompile pc=0x00007fcc98b2b68c method=com.android.dx.cf.code.BytecodeArray.parseInstruction(ILcom/android/dx/cf/code/BytecodeArray$Visitor;)I @ 1327
Event: 9,265 Thread 0x00007fcc9c1a6800 Uncommon trap: reason=bimorphic action=maybe_recompile pc=0x00007fcc98b2b68c method=com.android.dx.cf.code.BytecodeArray.parseInstruction(ILcom/android/dx/cf/code/BytecodeArray$Visitor;)I @ 1327
Event: 9,280 Thread 0x00007fcc9c16c800 Uncommon trap: reason=bimorphic action=maybe_recompile pc=0x00007fcc98adfa54 method=com.android.dx.rop.code.RegisterSpec.getFrameType()Lcom/android/dx/rop/type/TypeBearer; @ 4
Event: 9,283 Thread 0x00007fcc9c00a800 Uncommon trap: reason=bimorphic action=maybe_recompile pc=0x00007fcc98adfa54 method=com.android.dx.rop.code.RegisterSpec.getFrameType()Lcom/android/dx/rop/type/TypeBearer; @ 4
Event: 9,284 Thread 0x00007fcc9c00a800 Uncommon trap: reason=unstable_if action=reinterpret pc=0x00007fcc98914678 method=com.android.dx.ssa.SsaBasicBlock.scheduleMovesFromPhis()V @ 63
Event: 9,284 Thread 0x00007fcc9c00a800 Uncommon trap: reason=unstable_if action=reinterpret pc=0x00007fcc98980988 method=com.android.dx.ssa.SsaBasicBlock.scheduleMovesFromPhis()V @ 63

Internal exceptions (10 events):
Event: 5,044 Thread 0x00007fcc9c00a800 Implicit null exception at 0x00007fcc98900419 to 0x00007fcc98903c6d
Event: 6,779 Thread 0x00007fcc9c1a4800 Implicit null exception at 0x00007fcc989d0a15 to 0x00007fcc989d25fd
Event: 6,874 Thread 0x00007fcc9c1a4800 Implicit null exception at 0x00007fcc9896a8df to 0x00007fcc9896b3a1
Event: 6,874 Thread 0x00007fcc9c1a4800 Implicit null exception at 0x00007fcc9893512b to 0x00007fcc98935439
Event: 6,915 Thread 0x00007fcc9c1a6800 Implicit null exception at 0x00007fcc98824b3c to 0x00007fcc98824ca5
Event: 8,417 Thread 0x00007fcc9c16c800 Threw 0x00000000eeaed7d8 at /build/openjdk-7-Fct0ZC/openjdk-7-7u95-2.6.4/build/openjdk/hotspot/src/share/vm/prims/jvm.cpp:1322
Event: 9,094 Thread 0x00007fcc9c1a4800 Implicit null exception at 0x00007fcc98a6d11c to 0x00007fcc98a77b05
Event: 9,199 Thread 0x00007fcc9c16c800 Implicit null exception at 0x00007fcc98b90899 to 0x00007fcc98b91084
Event: 9,204 Thread 0x00007fcc9c00a800 Implicit null exception at 0x00007fcc98950e33 to 0x00007fcc98951a89
Event: 9,224 Thread 0x00007fcc9c1a8000 Implicit null exception at 0x00007fcc98a4dc35 to 0x00007fcc98a4e819

Events (10 events):
Event: 9,283 Thread 0x00007fcc9c00a800 Uncommon trap: trap_request=0xffffffc6 fr.pc=0x00007fcc98adfa54
Event: 9,283 Thread 0x00007fcc9c00a800 DEOPT PACKING pc=0x00007fcc98adfa54 sp=0x00007fcca2e2b810
Event: 9,283 Thread 0x00007fcc9c00a800 DEOPT UNPACKING pc=0x00007fcc987fd445 sp=0x00007fcca2e2b770 mode 2
Event: 9,284 Thread 0x00007fcc9c00a800 Uncommon trap: trap_request=0xffffff75 fr.pc=0x00007fcc98914678
Event: 9,284 Thread 0x00007fcc9c00a800 DEOPT PACKING pc=0x00007fcc98914678 sp=0x00007fcca2e2bb50
Event: 9,284 Thread 0x00007fcc9c00a800 DEOPT UNPACKING pc=0x00007fcc987fd445 sp=0x00007fcca2e2bac8 mode 2
Event: 9,284 Thread 0x00007fcc9c00a800 Uncommon trap: trap_request=0xffffff75 fr.pc=0x00007fcc98980988
Event: 9,284 Thread 0x00007fcc9c00a800 DEOPT PACKING pc=0x00007fcc98980988 sp=0x00007fcca2e2bb10
Event: 9,284 Thread 0x00007fcc9c00a800 DEOPT UNPACKING pc=0x00007fcc987fd445 sp=0x00007fcca2e2bac0 mode 2
Event: 9,341 Executing VM operation: ParallelGCFailedAllocation


Dynamic libraries:
00400000-00401000 r-xp 00000000 08:04 46458580                           /usr/lib/jvm/java-7-openjdk-amd64/jre/bin/java
00600000-00601000 r--p 00000000 08:04 46458580                           /usr/lib/jvm/java-7-openjdk-amd64/jre/bin/java
00601000-00602000 rw-p 00001000 08:04 46458580                           /usr/lib/jvm/java-7-openjdk-amd64/jre/bin/java
01be2000-01c03000 rw-p 00000000 00:00 0                                  [heap]
b5a00000-b6f00000 rw-p 00000000 00:00 0 
b6f00000-c0000000 rw-p 00000000 00:00 0 
c0000000-ca680000 rw-p 00000000 00:00 0 
ca680000-eaa80000 rw-p 00000000 00:00 0 
eaa80000-100000000 rw-p 00000000 00:00 0 
7fcc4c000000-7fcc4c021000 rw-p 00000000 00:00 0 
7fcc4c021000-7fcc50000000 ---p 00000000 00:00 0 
7fcc50000000-7fcc50030000 rw-p 00000000 00:00 0 
7fcc50030000-7fcc54000000 ---p 00000000 00:00 0 
7fcc54000000-7fcc54021000 rw-p 00000000 00:00 0 
7fcc54021000-7fcc58000000 ---p 00000000 00:00 0 
7fcc58000000-7fcc58028000 rw-p 00000000 00:00 0 
7fcc58028000-7fcc5c000000 ---p 00000000 00:00 0 
7fcc5c000000-7fcc5c021000 rw-p 00000000 00:00 0 
7fcc5c021000-7fcc60000000 ---p 00000000 00:00 0 
7fcc60000000-7fcc6004b000 rw-p 00000000 00:00 0 
7fcc6004b000-7fcc64000000 ---p 00000000 00:00 0 
7fcc64000000-7fcc65863000 rw-p 00000000 00:00 0 
7fcc65863000-7fcc68000000 ---p 00000000 00:00 0 
7fcc68000000-7fcc68021000 rw-p 00000000 00:00 0 
7fcc68021000-7fcc6c000000 ---p 00000000 00:00 0 
7fcc6c000000-7fcc6c021000 rw-p 00000000 00:00 0 
7fcc6c021000-7fcc70000000 ---p 00000000 00:00 0 
7fcc70000000-7fcc71ae4000 rw-p 00000000 00:00 0 
7fcc71ae4000-7fcc74000000 ---p 00000000 00:00 0 
7fcc74000000-7fcc74021000 rw-p 00000000 00:00 0 
7fcc74021000-7fcc78000000 ---p 00000000 00:00 0 
7fcc78000000-7fcc78021000 rw-p 00000000 00:00 0 
7fcc78021000-7fcc7c000000 ---p 00000000 00:00 0 
7fcc7d5c1000-7fcc7d5c4000 ---p 00000000 00:00 0 
7fcc7d5c4000-7fcc7d6c2000 rw-p 00000000 00:00 0                          [stack:10495]
7fcc7d6c2000-7fcc7d6c5000 ---p 00000000 00:00 0 
7fcc7d6c5000-7fcc7d7c3000 rw-p 00000000 00:00 0                          [stack:10494]
7fcc7d7c3000-7fcc7d7c6000 ---p 00000000 00:00 0 
7fcc7d7c6000-7fcc7d8c4000 rw-p 00000000 00:00 0                          [stack:10493]
7fcc7d8c4000-7fcc7d8c7000 ---p 00000000 00:00 0 
7fcc7d8c7000-7fcc7d9c5000 rw-p 00000000 00:00 0                          [stack:10492]
7fcc7d9c5000-7fcc7d9c8000 ---p 00000000 00:00 0 
7fcc7d9c8000-7fcc7ddc7000 rw-p 00000000 00:00 0                          [stack:10491]
7fcc7ddc7000-7fcc7de33000 r-xp 00000000 08:04 42879888                   /lib/x86_64-linux-gnu/libpcre.so.3.13.1
7fcc7de33000-7fcc7e032000 ---p 0006c000 08:04 42879888                   /lib/x86_64-linux-gnu/libpcre.so.3.13.1
7fcc7e032000-7fcc7e033000 r--p 0006b000 08:04 42879888                   /lib/x86_64-linux-gnu/libpcre.so.3.13.1
7fcc7e033000-7fcc7e034000 rw-p 0006c000 08:04 42879888                   /lib/x86_64-linux-gnu/libpcre.so.3.13.1
7fcc7e034000-7fcc7e03b000 r-xp 00000000 08:04 45936085                   /usr/lib/x86_64-linux-gnu/libffi.so.6.0.4
7fcc7e03b000-7fcc7e23a000 ---p 00007000 08:04 45936085                   /usr/lib/x86_64-linux-gnu/libffi.so.6.0.4
7fcc7e23a000-7fcc7e23b000 r--p 00006000 08:04 45936085                   /usr/lib/x86_64-linux-gnu/libffi.so.6.0.4
7fcc7e23b000-7fcc7e23c000 rw-p 00007000 08:04 45936085                   /usr/lib/x86_64-linux-gnu/libffi.so.6.0.4
7fcc7e23c000-7fcc7e253000 r-xp 00000000 08:04 42879911                   /lib/x86_64-linux-gnu/libresolv-2.21.so
7fcc7e253000-7fcc7e453000 ---p 00017000 08:04 42879911                   /lib/x86_64-linux-gnu/libresolv-2.21.so
7fcc7e453000-7fcc7e455000 r--p 00017000 08:04 42879911                   /lib/x86_64-linux-gnu/libresolv-2.21.so
7fcc7e455000-7fcc7e456000 rw-p 00019000 08:04 42879911                   /lib/x86_64-linux-gnu/libresolv-2.21.so
7fcc7e456000-7fcc7e458000 rw-p 00000000 00:00 0 
7fcc7e458000-7fcc7e479000 r-xp 00000000 08:04 42879917                   /lib/x86_64-linux-gnu/libselinux.so.1
7fcc7e479000-7fcc7e678000 ---p 00021000 08:04 42879917                   /lib/x86_64-linux-gnu/libselinux.so.1
7fcc7e678000-7fcc7e679000 r--p 00020000 08:04 42879917                   /lib/x86_64-linux-gnu/libselinux.so.1
7fcc7e679000-7fcc7e67a000 rw-p 00021000 08:04 42879917                   /lib/x86_64-linux-gnu/libselinux.so.1
7fcc7e67a000-7fcc7e67c000 rw-p 00000000 00:00 0 
7fcc7e67c000-7fcc7e67f000 r-xp 00000000 08:04 45936204                   /usr/lib/x86_64-linux-gnu/libgmodule-2.0.so.0.4600.1
7fcc7e67f000-7fcc7e87e000 ---p 00003000 08:04 45936204                   /usr/lib/x86_64-linux-gnu/libgmodule-2.0.so.0.4600.1
7fcc7e87e000-7fcc7e87f000 r--p 00002000 08:04 45936204                   /usr/lib/x86_64-linux-gnu/libgmodule-2.0.so.0.4600.1
7fcc7e87f000-7fcc7e880000 rw-p 00003000 08:04 45936204                   /usr/lib/x86_64-linux-gnu/libgmodule-2.0.so.0.4600.1
7fcc7e880000-7fcc7e98d000 r-xp 00000000 08:04 42879806                   /lib/x86_64-linux-gnu/libglib-2.0.so.0.4600.1
7fcc7e98d000-7fcc7eb8c000 ---p 0010d000 08:04 42879806                   /lib/x86_64-linux-gnu/libglib-2.0.so.0.4600.1
7fcc7eb8c000-7fcc7eb8d000 r--p 0010c000 08:04 42879806                   /lib/x86_64-linux-gnu/libglib-2.0.so.0.4600.1
7fcc7eb8d000-7fcc7eb8e000 rw-p 0010d000 08:04 42879806                   /lib/x86_64-linux-gnu/libglib-2.0.so.0.4600.1
7fcc7eb8e000-7fcc7eb8f000 rw-p 00000000 00:00 0 
7fcc7eb8f000-7fcc7ebe1000 r-xp 00000000 08:04 45936220                   /usr/lib/x86_64-linux-gnu/libgobject-2.0.so.0.4600.1
7fcc7ebe1000-7fcc7ede0000 ---p 00052000 08:04 45936220                   /usr/lib/x86_64-linux-gnu/libgobject-2.0.so.0.4600.1
7fcc7ede0000-7fcc7ede1000 r--p 00051000 08:04 45936220                   /usr/lib/x86_64-linux-gnu/libgobject-2.0.so.0.4600.1
7fcc7ede1000-7fcc7ede2000 rw-p 00052000 08:04 45936220                   /usr/lib/x86_64-linux-gnu/libgobject-2.0.so.0.4600.1
7fcc7ede2000-7fcc7ef5c000 r-xp 00000000 08:04 45936190                   /usr/lib/x86_64-linux-gnu/libgio-2.0.so.0.4600.1
7fcc7ef5c000-7fcc7f15b000 ---p 0017a000 08:04 45936190                   /usr/lib/x86_64-linux-gnu/libgio-2.0.so.0.4600.1
7fcc7f15b000-7fcc7f15f000 r--p 00179000 08:04 45936190                   /usr/lib/x86_64-linux-gnu/libgio-2.0.so.0.4600.1
7fcc7f15f000-7fcc7f161000 rw-p 0017d000 08:04 45936190                   /usr/lib/x86_64-linux-gnu/libgio-2.0.so.0.4600.1
7fcc7f161000-7fcc7f163000 rw-p 00000000 00:00 0 
7fcc7f185000-7fcc7f19c000 r-xp 00000000 08:04 46458642                   /usr/lib/jvm/java-7-openjdk-amd64/jre/lib/amd64/libnet.so
7fcc7f19c000-7fcc7f39c000 ---p 00017000 08:04 46458642                   /usr/lib/jvm/java-7-openjdk-amd64/jre/lib/amd64/libnet.so
7fcc7f39c000-7fcc7f39d000 r--p 00017000 08:04 46458642                   /usr/lib/jvm/java-7-openjdk-amd64/jre/lib/amd64/libnet.so
7fcc7f39d000-7fcc7f39e000 rw-p 00018000 08:04 46458642                   /usr/lib/jvm/java-7-openjdk-amd64/jre/lib/amd64/libnet.so
7fcc7f39e000-7fcc7f3af000 r-xp 00000000 08:04 46458606                   /usr/lib/jvm/java-7-openjdk-amd64/jre/lib/amd64/libnio.so
7fcc7f3af000-7fcc7f5ae000 ---p 00011000 08:04 46458606                   /usr/lib/jvm/java-7-openjdk-amd64/jre/lib/amd64/libnio.so
7fcc7f5ae000-7fcc7f5af000 r--p 00010000 08:04 46458606                   /usr/lib/jvm/java-7-openjdk-amd64/jre/lib/amd64/libnio.so
7fcc7f5af000-7fcc7f5b0000 rw-p 00011000 08:04 46458606                   /usr/lib/jvm/java-7-openjdk-amd64/jre/lib/amd64/libnio.so
7fcc7f5b0000-7fcc7f5b1000 ---p 00000000 00:00 0 
7fcc7f5b1000-7fcc7f6b1000 rw-p 00000000 00:00 0                          [stack:10475]
7fcc7f6b1000-7fcc7f6b4000 ---p 00000000 00:00 0 
7fcc7f6b4000-7fcc7f7b2000 rw-p 00000000 00:00 0                          [stack:10474]
7fcc7f7b2000-7fcc80000000 r--p 00000000 08:04 45934766                   /usr/lib/locale/locale-archive
7fcc80000000-7fcc80021000 rw-p 00000000 00:00 0 
7fcc80021000-7fcc84000000 ---p 00000000 00:00 0 
7fcc84000000-7fcc84021000 rw-p 00000000 00:00 0 
7fcc84021000-7fcc88000000 ---p 00000000 00:00 0 
7fcc88000000-7fcc88021000 rw-p 00000000 00:00 0 
7fcc88021000-7fcc8c000000 ---p 00000000 00:00 0 
7fcc8c000000-7fcc8c021000 rw-p 00000000 00:00 0 
7fcc8c021000-7fcc90000000 ---p 00000000 00:00 0 
7fcc90000000-7fcc90021000 rw-p 00000000 00:00 0 
7fcc90021000-7fcc94000000 ---p 00000000 00:00 0 
7fcc94010000-7fcc9407a000 r--s 00513000 08:04 31171557                   /home/ugar/project/OfferFind-TemplatePoc-Android/app/build/intermediates/transforms/instantRunSlicer/debug/jars/1/1a/dependencies.jar
7fcc9407a000-7fcc94089000 r--s 000df000 08:04 29426980                   /home/ugar/Android/Sdk/build-tools/23.0.2/lib/dx.jar
7fcc94089000-7fcc9408c000 ---p 00000000 00:00 0 
7fcc9408c000-7fcc9418a000 rw-p 00000000 00:00 0                          [stack:10473]
7fcc9418a000-7fcc9418d000 ---p 00000000 00:00 0 
7fcc9418d000-7fcc9428b000 rw-p 00000000 00:00 0                          [stack:10472]
7fcc9428b000-7fcc9428e000 ---p 00000000 00:00 0 
7fcc9428e000-7fcc9438c000 rw-p 00000000 00:00 0                          [stack:10471]
7fcc9438c000-7fcc9438f000 ---p 00000000 00:00 0 
7fcc9438f000-7fcc9448d000 rw-p 00000000 00:00 0                          [stack:10460]
7fcc9448d000-7fcc94490000 ---p 00000000 00:00 0 
7fcc94490000-7fcc9458e000 rw-p 00000000 00:00 0                          [stack:10459]
7fcc9458e000-7fcc9458f000 ---p 00000000 00:00 0 
7fcc9458f000-7fcc9566b000 rw-p 00000000 00:00 0                          [stack:10453]
7fcc9566b000-7fcc9581d000 r--s 01d2f000 08:04 46458600                   /usr/lib/jvm/java-7-openjdk-amd64/jre/lib/rt.jar
7fcc9581d000-7fcc98016000 rw-p 00000000 00:00 0 
7fcc98016000-7fcc98017000 ---p 00000000 00:00 0 
7fcc98017000-7fcc98117000 rw-p 00000000 00:00 0                          [stack:10449]
7fcc98117000-7fcc98118000 ---p 00000000 00:00 0 
7fcc98118000-7fcc98218000 rw-p 00000000 00:00 0                          [stack:10448]
7fcc98218000-7fcc98219000 ---p 00000000 00:00 0 
7fcc98219000-7fcc98319000 rw-p 00000000 00:00 0                          [stack:10447]
7fcc98319000-7fcc9831a000 ---p 00000000 00:00 0 
7fcc9831a000-7fcc9846e000 rw-p 00000000 00:00 0                          [stack:10445]
7fcc9846e000-7fcc98570000 rw-p 00000000 00:00 0 
7fcc98570000-7fcc9857b000 rw-p 00000000 00:00 0 
7fcc9857b000-7fcc985c3000 rw-p 00000000 00:00 0 
7fcc985c3000-7fcc98617000 rw-p 00000000 00:00 0 
7fcc98617000-7fcc98718000 rw-p 00000000 00:00 0 
7fcc98718000-7fcc987c3000 rw-p 00000000 00:00 0 
7fcc987c3000-7fcc987c4000 rw-p 00000000 00:00 0 
7fcc987c4000-7fcc98bf4000 rwxp 00000000 00:00 0 
7fcc98bf4000-7fcc9b7c4000 rw-p 00000000 00:00 0 
7fcc9b7c4000-7fcc9b7cc000 r-xp 00000000 08:04 46458610                   /usr/lib/jvm/java-7-openjdk-amd64/jre/lib/amd64/libzip.so
7fcc9b7cc000-7fcc9b9cb000 ---p 00008000 08:04 46458610                   /usr/lib/jvm/java-7-openjdk-amd64/jre/lib/amd64/libzip.so
7fcc9b9cb000-7fcc9b9cc000 r--p 00007000 08:04 46458610                   /usr/lib/jvm/java-7-openjdk-amd64/jre/lib/amd64/libzip.so
7fcc9b9cc000-7fcc9b9cd000 rw-p 00008000 08:04 46458610                   /usr/lib/jvm/java-7-openjdk-amd64/jre/lib/amd64/libzip.so
7fcc9b9cd000-7fcc9b9d9000 r-xp 00000000 08:04 42879858                   /lib/x86_64-linux-gnu/libnss_files-2.21.so
7fcc9b9d9000-7fcc9bbd8000 ---p 0000c000 08:04 42879858                   /lib/x86_64-linux-gnu/libnss_files-2.21.so
7fcc9bbd8000-7fcc9bbd9000 r--p 0000b000 08:04 42879858                   /lib/x86_64-linux-gnu/libnss_files-2.21.so
7fcc9bbd9000-7fcc9bbda000 rw-p 0000c000 08:04 42879858                   /lib/x86_64-linux-gnu/libnss_files-2.21.so
7fcc9bbda000-7fcc9bbe5000 r-xp 00000000 08:04 42879868                   /lib/x86_64-linux-gnu/libnss_nis-2.21.so
7fcc9bbe5000-7fcc9bde4000 ---p 0000b000 08:04 42879868                   /lib/x86_64-linux-gnu/libnss_nis-2.21.so
7fcc9bde4000-7fcc9bde5000 r--p 0000a000 08:04 42879868                   /lib/x86_64-linux-gnu/libnss_nis-2.21.so
7fcc9bde5000-7fcc9bde6000 rw-p 0000b000 08:04 42879868                   /lib/x86_64-linux-gnu/libnss_nis-2.21.so
7fcc9bde6000-7fcc9bdfd000 r-xp 00000000 08:04 42879852                   /lib/x86_64-linux-gnu/libnsl-2.21.so
7fcc9bdfd000-7fcc9bffc000 ---p 00017000 08:04 42879852                   /lib/x86_64-linux-gnu/libnsl-2.21.so
7fcc9bffc000-7fcc9bffd000 r--p 00016000 08:04 42879852                   /lib/x86_64-linux-gnu/libnsl-2.21.so
7fcc9bffd000-7fcc9bffe000 rw-p 00017000 08:04 42879852                   /lib/x86_64-linux-gnu/libnsl-2.21.so
7fcc9bffe000-7fcc9c000000 rw-p 00000000 00:00 0 
7fcc9c000000-7fcc9c260000 rw-p 00000000 00:00 0 
7fcc9c260000-7fcca0000000 ---p 00000000 00:00 0 
7fcca0009000-7fcca00b8000 rw-p 00000000 00:00 0 
7fcca00b8000-7fcca0100000 rw-p 00000000 00:00 0 
7fcca0100000-7fcca0108000 r-xp 00000000 08:04 42879854                   /lib/x86_64-linux-gnu/libnss_compat-2.21.so
7fcca0108000-7fcca0307000 ---p 00008000 08:04 42879854                   /lib/x86_64-linux-gnu/libnss_compat-2.21.so
7fcca0307000-7fcca0308000 r--p 00007000 08:04 42879854                   /lib/x86_64-linux-gnu/libnss_compat-2.21.so
7fcca0308000-7fcca0309000 rw-p 00008000 08:04 42879854                   /lib/x86_64-linux-gnu/libnss_compat-2.21.so
7fcca0309000-7fcca0335000 r-xp 00000000 08:04 46458623                   /usr/lib/jvm/java-7-openjdk-amd64/jre/lib/amd64/libjava.so
7fcca0335000-7fcca0534000 ---p 0002c000 08:04 46458623                   /usr/lib/jvm/java-7-openjdk-amd64/jre/lib/amd64/libjava.so
7fcca0534000-7fcca0535000 r--p 0002b000 08:04 46458623                   /usr/lib/jvm/java-7-openjdk-amd64/jre/lib/amd64/libjava.so
7fcca0535000-7fcca0537000 rw-p 0002c000 08:04 46458623                   /usr/lib/jvm/java-7-openjdk-amd64/jre/lib/amd64/libjava.so
7fcca0537000-7fcca0546000 r-xp 00000000 08:04 46458638                   /usr/lib/jvm/java-7-openjdk-amd64/jre/lib/amd64/libverify.so
7fcca0546000-7fcca0745000 ---p 0000f000 08:04 46458638                   /usr/lib/jvm/java-7-openjdk-amd64/jre/lib/amd64/libverify.so
7fcca0745000-7fcca0747000 r--p 0000e000 08:04 46458638                   /usr/lib/jvm/java-7-openjdk-amd64/jre/lib/amd64/libverify.so
7fcca0747000-7fcca0748000 rw-p 00010000 08:04 46458638                   /usr/lib/jvm/java-7-openjdk-amd64/jre/lib/amd64/libverify.so
7fcca0748000-7fcca074f000 r-xp 00000000 08:04 42879913                   /lib/x86_64-linux-gnu/librt-2.21.so
7fcca074f000-7fcca094e000 ---p 00007000 08:04 42879913                   /lib/x86_64-linux-gnu/librt-2.21.so
7fcca094e000-7fcca094f000 r--p 00006000 08:04 42879913                   /lib/x86_64-linux-gnu/librt-2.21.so
7fcca094f000-7fcca0950000 rw-p 00007000 08:04 42879913                   /lib/x86_64-linux-gnu/librt-2.21.so
7fcca0950000-7fcca0966000 r-xp 00000000 08:04 42879802                   /lib/x86_64-linux-gnu/libgcc_s.so.1
7fcca0966000-7fcca0b65000 ---p 00016000 08:04 42879802                   /lib/x86_64-linux-gnu/libgcc_s.so.1
7fcca0b65000-7fcca0b66000 r--p 00015000 08:04 42879802                   /lib/x86_64-linux-gnu/libgcc_s.so.1
7fcca0b66000-7fcca0b67000 rw-p 00016000 08:04 42879802                   /lib/x86_64-linux-gnu/libgcc_s.so.1
7fcca0b67000-7fcca0c6e000 r-xp 00000000 08:04 42879831                   /lib/x86_64-linux-gnu/libm-2.21.so
7fcca0c6e000-7fcca0e6d000 ---p 00107000 08:04 42879831                   /lib/x86_64-linux-gnu/libm-2.21.so
7fcca0e6d000-7fcca0e6e000 r--p 00106000 08:04 42879831                   /lib/x86_64-linux-gnu/libm-2.21.so
7fcca0e6e000-7fcca0e6f000 rw-p 00107000 08:04 42879831                   /lib/x86_64-linux-gnu/libm-2.21.so
7fcca0e6f000-7fcca0fe2000 r-xp 00000000 08:04 45936742                   /usr/lib/x86_64-linux-gnu/libstdc++.so.6.0.21
7fcca0fe2000-7fcca11e1000 ---p 00173000 08:04 45936742                   /usr/lib/x86_64-linux-gnu/libstdc++.so.6.0.21
7fcca11e1000-7fcca11eb000 r--p 00172000 08:04 45936742                   /usr/lib/x86_64-linux-gnu/libstdc++.so.6.0.21
7fcca11eb000-7fcca11ed000 rw-p 0017c000 08:04 45936742                   /usr/lib/x86_64-linux-gnu/libstdc++.so.6.0.21
7fcca11ed000-7fcca11f1000 rw-p 00000000 00:00 0 
7fcca11f1000-7fcca1d42000 r-xp 00000000 08:04 46458630                   /usr/lib/jvm/java-7-openjdk-amd64/jre/lib/amd64/server/libjvm.so
7fcca1d42000-7fcca1f41000 ---p 00b51000 08:04 46458630                   /usr/lib/jvm/java-7-openjdk-amd64/jre/lib/amd64/server/libjvm.so
7fcca1f41000-7fcca1fd2000 r--p 00b50000 08:04 46458630                   /usr/lib/jvm/java-7-openjdk-amd64/jre/lib/amd64/server/libjvm.so
7fcca1fd2000-7fcca1ff5000 rw-p 00be1000 08:04 46458630                   /usr/lib/jvm/java-7-openjdk-amd64/jre/lib/amd64/server/libjvm.so
7fcca1ff5000-7fcca2020000 rw-p 00000000 00:00 0 
7fcca2020000-7fcca2039000 r-xp 00000000 08:04 42879948                   /lib/x86_64-linux-gnu/libz.so.1.2.8
7fcca2039000-7fcca2238000 ---p 00019000 08:04 42879948                   /lib/x86_64-linux-gnu/libz.so.1.2.8
7fcca2238000-7fcca2239000 r--p 00018000 08:04 42879948                   /lib/x86_64-linux-gnu/libz.so.1.2.8
7fcca2239000-7fcca223a000 rw-p 00019000 08:04 42879948                   /lib/x86_64-linux-gnu/libz.so.1.2.8
7fcca223a000-7fcca2252000 r-xp 00000000 08:04 42879905                   /lib/x86_64-linux-gnu/libpthread-2.21.so
7fcca2252000-7fcca2452000 ---p 00018000 08:04 42879905                   /lib/x86_64-linux-gnu/libpthread-2.21.so
7fcca2452000-7fcca2453000 r--p 00018000 08:04 42879905                   /lib/x86_64-linux-gnu/libpthread-2.21.so
7fcca2453000-7fcca2454000 rw-p 00019000 08:04 42879905                   /lib/x86_64-linux-gnu/libpthread-2.21.so
7fcca2454000-7fcca2458000 rw-p 00000000 00:00 0 
7fcca2458000-7fcca245b000 r-xp 00000000 08:04 42879788                   /lib/x86_64-linux-gnu/libdl-2.21.so
7fcca245b000-7fcca265a000 ---p 00003000 08:04 42879788                   /lib/x86_64-linux-gnu/libdl-2.21.so
7fcca265a000-7fcca265b000 r--p 00002000 08:04 42879788                   /lib/x86_64-linux-gnu/libdl-2.21.so
7fcca265b000-7fcca265c000 rw-p 00003000 08:04 42879788                   /lib/x86_64-linux-gnu/libdl-2.21.so
7fcca265c000-7fcca281c000 r-xp 00000000 08:04 42879769                   /lib/x86_64-linux-gnu/libc-2.21.so
7fcca281c000-7fcca2a1c000 ---p 001c0000 08:04 42879769                   /lib/x86_64-linux-gnu/libc-2.21.so
7fcca2a1c000-7fcca2a20000 r--p 001c0000 08:04 42879769                   /lib/x86_64-linux-gnu/libc-2.21.so
7fcca2a20000-7fcca2a22000 rw-p 001c4000 08:04 42879769                   /lib/x86_64-linux-gnu/libc-2.21.so
7fcca2a22000-7fcca2a26000 rw-p 00000000 00:00 0 
7fcca2a26000-7fcca2a33000 r-xp 00000000 08:04 46458639                   /usr/lib/jvm/java-7-openjdk-amd64/jre/lib/amd64/jli/libjli.so
7fcca2a33000-7fcca2c32000 ---p 0000d000 08:04 46458639                   /usr/lib/jvm/java-7-openjdk-amd64/jre/lib/amd64/jli/libjli.so
7fcca2c32000-7fcca2c33000 r--p 0000c000 08:04 46458639                   /usr/lib/jvm/java-7-openjdk-amd64/jre/lib/amd64/jli/libjli.so
7fcca2c33000-7fcca2c34000 rw-p 0000d000 08:04 46458639                   /usr/lib/jvm/java-7-openjdk-amd64/jre/lib/amd64/jli/libjli.so
7fcca2c34000-7fcca2c58000 r-xp 00000000 08:04 42879741                   /lib/x86_64-linux-gnu/ld-2.21.so
7fcca2c58000-7fcca2c59000 rw-p 00000000 00:00 0 
7fcca2c59000-7fcca2c5a000 r--s 00002000 08:04 46458597                   /usr/lib/jvm/java-7-openjdk-amd64/jre/lib/ext/dnsns.jar
7fcca2c5a000-7fcca2c5e000 r--s 00034000 08:04 46458595                   /usr/lib/jvm/java-7-openjdk-amd64/jre/lib/ext/sunjce_provider.jar
7fcca2c5e000-7fcca2c61000 r--s 0000f000 08:04 46458594                   /usr/lib/jvm/java-7-openjdk-amd64/jre/lib/ext/icedtea-sound.jar
7fcca2c61000-7fcca2c65000 r--s 00085000 08:04 46458593                   /usr/lib/jvm/java-7-openjdk-amd64/jre/lib/ext/localedata.jar
7fcca2c65000-7fcca2c67000 r--s 00012000 08:04 46458592                   /usr/lib/jvm/java-7-openjdk-amd64/jre/lib/ext/zipfs.jar
7fcca2c67000-7fcca2c6b000 r--s 0003c000 08:04 46458596                   /usr/lib/jvm/java-7-openjdk-amd64/jre/lib/ext/sunpkcs11.jar
7fcca2c6b000-7fcca2c6d000 r--s 00007000 08:04 46005494                   /usr/share/java/java-atk-wrapper.jar
7fcca2c6d000-7fcca2c7e000 rw-p 00000000 00:00 0 
7fcca2c7e000-7fcca2d2d000 rw-p 00000000 00:00 0 
7fcca2d2d000-7fcca2d30000 ---p 00000000 00:00 0 
7fcca2d30000-7fcca2e4b000 rw-p 00000000 00:00 0                          [stack:10441]
7fcca2e4b000-7fcca2e53000 rw-s 00000000 08:04 29582179                   /tmp/hsperfdata_ugar/10438
7fcca2e53000-7fcca2e54000 rw-p 00000000 00:00 0 
7fcca2e54000-7fcca2e55000 ---p 00000000 00:00 0 
7fcca2e55000-7fcca2e57000 rw-p 00000000 00:00 0 
7fcca2e57000-7fcca2e58000 r--p 00023000 08:04 42879741                   /lib/x86_64-linux-gnu/ld-2.21.so
7fcca2e58000-7fcca2e59000 rw-p 00024000 08:04 42879741                   /lib/x86_64-linux-gnu/ld-2.21.so
7fcca2e59000-7fcca2e5a000 rw-p 00000000 00:00 0 
7ffe02a45000-7ffe02a66000 rw-p 00000000 00:00 0                          [stack]
7ffe02ae3000-7ffe02ae5000 r--p 00000000 00:00 0                          [vvar]
7ffe02ae5000-7ffe02ae7000 r-xp 00000000 00:00 0                          [vdso]
ffffffffff600000-ffffffffff601000 r-xp 00000000 00:00 0                  [vsyscall]

VM Arguments:
jvm_args: -Djava.awt.headless=true -Xmx1024M -Dfile.encoding=UTF-8 -Duser.country=RU -Duser.language=ru -Duser.variant 
java_command: com.android.dx.command.Main --dex --num-threads=4 --multi-dex --output /home/ugar/project/OfferFind-TemplatePoc-Android/app/build/intermediates/transforms/dex/debug/folders/1000/1a/dependencies_3a0933fc0433e3d8718cc9f29ed118f018b75ed8 /home/ugar/project/OfferFind-TemplatePoc-Android/app/build/intermediates/transforms/instantRunSlicer/debug/jars/1/1a/dependencies.jar
Launcher Type: SUN_STANDARD

Environment Variables:
PATH=/usr/local/sbin:/usr/local/bin:/usr/sbin:/usr/bin:/sbin:/bin:/usr/games:/usr/local/games
LD_LIBRARY_PATH=/home/ugar/android-studio/bin:
SHELL=/bin/bash
DISPLAY=:0

Signal Handlers:
SIGSEGV: [libjvm.so+0x995450], sa_mask[0]=0x7ffbfeff, sa_flags=0x10000004
SIGBUS: [libjvm.so+0x995450], sa_mask[0]=0x7ffbfeff, sa_flags=0x10000004
SIGFPE: [libjvm.so+0x7fc6a0], sa_mask[0]=0x7ffbfeff, sa_flags=0x10000004
SIGPIPE: [libjvm.so+0x7fc6a0], sa_mask[0]=0x7ffbfeff, sa_flags=0x10000004
SIGXFSZ: [libjvm.so+0x7fc6a0], sa_mask[0]=0x7ffbfeff, sa_flags=0x10000004
SIGILL: [libjvm.so+0x7fc6a0], sa_mask[0]=0x7ffbfeff, sa_flags=0x10000004
SIGUSR1: SIG_DFL, sa_mask[0]=0x00000000, sa_flags=0x00000000
SIGUSR2: [libjvm.so+0x7fc520], sa_mask[0]=0x00000004, sa_flags=0x10000004
SIGHUP: [libjvm.so+0x7fc6b0], sa_mask[0]=0x7ffbfeff, sa_flags=0x10000004
SIGINT: [libjvm.so+0x7fc6b0], sa_mask[0]=0x7ffbfeff, sa_flags=0x10000004
SIGTERM: [libjvm.so+0x7fc6b0], sa_mask[0]=0x7ffbfeff, sa_flags=0x10000004
SIGQUIT: [libjvm.so+0x7fc6b0], sa_mask[0]=0x7ffbfeff, sa_flags=0x10000004
SIGTRAP: SIG_DFL, sa_mask[0]=0x00000000, sa_flags=0x00000000


---------------  S Y S T E M  ---------------

OS:Ubuntu 15.10 (wily)
uname:Linux 4.2.0-25-generic #30-Ubuntu SMP Mon Jan 18 12:31:50 UTC 2016 x86_64
libc:glibc 2.21 NPTL 2.21 
rlimit: STACK 8192k, CORE 0k, NPROC 63819, NOFILE 65536, AS infinity
load average:2,97 1,36 0,85

/proc/meminfo:
MemTotal:       16371936 kB
MemFree:         8504580 kB
MemAvailable:   11483536 kB
Buffers:          522744 kB
Cached:          2307492 kB
SwapCached:            0 kB
Active:          6104796 kB
Inactive:        1222232 kB
Active(anon):    4498580 kB
Inactive(anon):    72732 kB
Active(file):    1606216 kB
Inactive(file):  1149500 kB
Unevictable:         112 kB
Mlocked:             112 kB
SwapTotal:             0 kB
SwapFree:              0 kB
Dirty:              3760 kB
Writeback:             0 kB
AnonPages:       4523692 kB
Mapped:           581408 kB
Shmem:             74524 kB
Slab:             327260 kB
SReclaimable:     283696 kB
SUnreclaim:        43564 kB
KernelStack:       12784 kB
PageTables:        57344 kB
NFS_Unstable:          0 kB
Bounce:                0 kB
WritebackTmp:          0 kB
CommitLimit:     8185968 kB
Committed_AS:   10853720 kB
VmallocTotal:   34359738367 kB
VmallocUsed:      133352 kB
VmallocChunk:   34359537660 kB
HardwareCorrupted:     0 kB
AnonHugePages:   2465792 kB
CmaTotal:              0 kB
CmaFree:               0 kB
HugePages_Total:       0
HugePages_Free:        0
HugePages_Rsvd:        0
HugePages_Surp:        0
Hugepagesize:       2048 kB
DirectMap4k:      319676 kB
DirectMap2M:     6959104 kB
DirectMap1G:    10485760 kB


CPU:total 4 (4 cores per cpu, 1 threads per core) family 6 model 60 stepping 3, cmov, cx8, fxsr, mmx, sse, sse2, sse3, ssse3, sse4.1, sse4.2, popcnt, avx, avx2, aes, erms, tsc, tscinvbit

/proc/cpuinfo:
processor	: 0
vendor_id	: GenuineIntel
cpu family	: 6
model		: 60
model name	: Intel(R) Core(TM) i5-4440 CPU @ 3.10GHz
stepping	: 3
microcode	: 0x9
cpu MHz		: 3099.878
cache size	: 6144 KB
physical id	: 0
siblings	: 4
core id		: 0
cpu cores	: 4
apicid		: 0
initial apicid	: 0
fpu		: yes
fpu_exception	: yes
cpuid level	: 13
wp		: yes
flags		: fpu vme de pse tsc msr pae mce cx8 apic sep mtrr pge mca cmov pat pse36 clflush dts acpi mmx fxsr sse sse2 ss ht tm pbe syscall nx pdpe1gb rdtscp lm constant_tsc arch_perfmon pebs bts rep_good nopl xtopology nonstop_tsc aperfmperf eagerfpu pni pclmulqdq dtes64 monitor ds_cpl vmx est tm2 ssse3 fma cx16 xtpr pdcm pcid sse4_1 sse4_2 x2apic movbe popcnt tsc_deadline_timer aes xsave avx f16c rdrand lahf_lm abm ida arat pln pts dtherm tpr_shadow vnmi flexpriority ept vpid fsgsbase tsc_adjust bmi1 avx2 smep bmi2 erms invpcid xsaveopt
bugs		:
bogomips	: 6197.97
clflush size	: 64
cache_alignment	: 64
address sizes	: 39 bits physical, 48 bits virtual
power management:

processor	: 1
vendor_id	: GenuineIntel
cpu family	: 6
model		: 60
model name	: Intel(R) Core(TM) i5-4440 CPU @ 3.10GHz
stepping	: 3
microcode	: 0x9
cpu MHz		: 3111.019
cache size	: 6144 KB
physical id	: 0
siblings	: 4
core id		: 1
cpu cores	: 4
apicid		: 2
initial apicid	: 2
fpu		: yes
fpu_exception	: yes
cpuid level	: 13
wp		: yes
flags		: fpu vme de pse tsc msr pae mce cx8 apic sep mtrr pge mca cmov pat pse36 clflush dts acpi mmx fxsr sse sse2 ss ht tm pbe syscall nx pdpe1gb rdtscp lm constant_tsc arch_perfmon pebs bts rep_good nopl xtopology nonstop_tsc aperfmperf eagerfpu pni pclmulqdq dtes64 monitor ds_cpl vmx est tm2 ssse3 fma cx16 xtpr pdcm pcid sse4_1 sse4_2 x2apic movbe popcnt tsc_deadline_timer aes xsave avx f16c rdrand lahf_lm abm ida arat pln pts dtherm tpr_shadow vnmi flexpriority ept vpid fsgsbase tsc_adjust bmi1 avx2 smep bmi2 erms invpcid xsaveopt
bugs		:
bogomips	: 6197.97
clflush size	: 64
cache_alignment	: 64
address sizes	: 39 bits physical, 48 bits virtual
power management:

processor	: 2
vendor_id	: GenuineIntel
cpu family	: 6
model		: 60
model name	: Intel(R) Core(TM) i5-4440 CPU @ 3.10GHz
stepping	: 3
microcode	: 0x9
cpu MHz		: 3100.000
cache size	: 6144 KB
physical id	: 0
siblings	: 4
core id		: 2
cpu cores	: 4
apicid		: 4
initial apicid	: 4
fpu		: yes
fpu_exception	: yes
cpuid level	: 13
wp		: yes
flags		: fpu vme de pse tsc msr pae mce cx8 apic sep mtrr pge mca cmov pat pse36 clflush dts acpi mmx fxsr sse sse2 ss ht tm pbe syscall nx pdpe1gb rdtscp lm constant_tsc arch_perfmon pebs bts rep_good nopl xtopology nonstop_tsc aperfmperf eagerfpu pni pclmulqdq dtes64 monitor ds_cpl vmx est tm2 ssse3 fma cx16 xtpr pdcm pcid sse4_1 sse4_2 x2apic movbe popcnt tsc_deadline_timer aes xsave avx f16c rdrand lahf_lm abm ida arat pln pts dtherm tpr_shadow vnmi flexpriority ept vpid fsgsbase tsc_adjust bmi1 avx2 smep bmi2 erms invpcid xsaveopt
bugs		:
bogomips	: 6197.97
clflush size	: 64
cache_alignment	: 64
address sizes	: 39 bits physical, 48 bits virtual
power management:

processor	: 3
vendor_id	: GenuineIntel
cpu family	: 6
model		: 60
model name	: Intel(R) Core(TM) i5-4440 CPU @ 3.10GHz
stepping	: 3
microcode	: 0x9
cpu MHz		: 3100.000
cache size	: 6144 KB
physical id	: 0
siblings	: 4
core id		: 3
cpu cores	: 4
apicid		: 6
initial apicid	: 6
fpu		: yes
fpu_exception	: yes
cpuid level	: 13
wp		: yes
flags		: fpu vme de pse tsc msr pae mce cx8 apic sep mtrr pge mca cmov pat pse36 clflush dts acpi mmx fxsr sse sse2 ss ht tm pbe syscall nx pdpe1gb rdtscp lm constant_tsc arch_perfmon pebs bts rep_good nopl xtopology nonstop_tsc aperfmperf eagerfpu pni pclmulqdq dtes64 monitor ds_cpl vmx est tm2 ssse3 fma cx16 xtpr pdcm pcid sse4_1 sse4_2 x2apic movbe popcnt tsc_deadline_timer aes xsave avx f16c rdrand lahf_lm abm ida arat pln pts dtherm tpr_shadow vnmi flexpriority ept vpid fsgsbase tsc_adjust bmi1 avx2 smep bmi2 erms invpcid xsaveopt
bugs		:
bogomips	: 6197.97
clflush size	: 64
cache_alignment	: 64
address sizes	: 39 bits physical, 48 bits virtual
power management:



Memory: 4k page, physical 16371936k(8504580k free), swap 0k(0k free)

vm_info: OpenJDK 64-Bit Server VM (24.95-b01) for linux-amd64 JRE (1.7.0_95-b00), built on Jan 21 2016 03:36:38 by "buildd" with gcc 5.2.1 20151010

time: Thu Feb 11 11:57:01 2016
elapsed time: 9 seconds

